TN:
SF:pygraphblas/__init__.py
DA:1,1,2ys2fUgM9+do05hGO7DBoA
DA:248,1,7UBmOnQSFLQbICkz+wiaaw
DA:251,1,wZR5iS+Y4PECHqe+yDkbxg
DA:252,1,ubnMyvUu+ayirkmDrRZ/pA
DA:255,1,FztmNfwsRFRPweYAa4b5tw
DA:256,1,rY+GbzFqejezrthVkoFK4Q
DA:258,1,DNhSByVJAdi11r7orhxqow
DA:269,1,WZmuvoIVfPKmnwZlRcfRMQ
DA:270,1,zaG2/+Te3infR8Pb/lCPxw
DA:271,1,RVhqWlJWSQcRVtBQJ7QLqg
DA:272,1,h2Ppmptt3kHs4ZYcBa6jfQ
DA:278,1,fT+qFPIpaLDo8LUSvx6VxA
DA:280,1,jPFn+hPq2nC/5Eh0Z/jQ5A
DA:283,1,cbctvezk+qEWEPVzcBzHgw
DA:288,1,r29a5+gN6ehUiK+JJDP1jQ
DA:289,1,1L7S4I+81GOpTjDPYhj07g
DA:290,1,C9V1yRvG3nnAWgdTHVneUA
DA:291,1,1ztYSrkcy2DavnHNxemhVQ
DA:292,1,0etgX0faHDYg24OSg/jEbg
DA:293,1,n2qDIYaMA6LDVe64YGuHpg
DA:294,1,dPZE6+M31gm9DDdSdf90Jw
DA:295,1,HDNqhaKKwrEItd1RqUeRZQ
DA:296,1,LFupMMAv3bZHhpIB0rmu5g
DA:298,1,SaPf49KDKxjBuyha/QV2LA
DA:314,1,hYcRxxseSNukbbGDNgPKqA
DA:315,1,ACO2GuqcBw23o/ZkwrPCFg
DA:316,1,fMgoaHcv8yy0bDm0fQ/sVQ
DA:317,1,81WgqSjNFghNoAGK9Bdduw
DA:318,1,uTMVICdcTZksFcAMAPiqgw
DA:320,1,ZIGB7tbe0SIvRiNwI5GkhQ
DA:336,1,wtxjrmBNVp/dyLfWQ3ixWw
DA:366,1,I0zhYhY1nS/fhSeJVFBkag
DA:367,1,YScEFFxuX88PfmuSuWx4AQ
DA:369,1,Qbo/Dhggp5JMMlwIcmQrXg
DA:370,1,1dc2QTSueHudfn9MeSZCzg
DA:372,1,B1SnRCs/Bjme6eVL176MHQ
DA:373,1,SC7xMCADb4dbWVAQO1Si3g
DA:376,1,8cY9QS6TeObQlkcTee96JQ
DA:377,1,nSyuTrUm0sutCsXQceb/Ow
DA:378,1,d8cezDjSVJa4yVYfXupQtA
DA:379,1,x2KgxXPiRHQxYnj5kQazgQ
DA:380,1,W5A5VZfBM+0q9oAoqOV0Pw
DA:381,1,kbyNG5Z5mQV3nWWcIzkehg
DA:382,1,F2hvZ2rcLp1JOOQQCNpcMA
DA:383,1,NEkOfDwd6TBhidoUigsGpg
DA:385,1,ysUYokla7Ex95ucN+OhaVg
DA:386,1,gaOttnYd3mqCDP7vUrpMAw
DA:396,1,wL8PDGDmDKr41H4Pacn6mw
DA:401,1,fT+qFPIpaLDo8LUSvx6VxA
DA:403,1,jPFn+hPq2nC/5Eh0Z/jQ5A
LF:46
LH:46
end_of_record
TN:
SF:pygraphblas/base.py
DA:1,1,3hDQgygxjd+nUa0I0dLyOQ
DA:6,1,Ldu4DAxV2aoKrgrZeX5jlQ
DA:7,1,A2QJxPOO34l0c0igB1Ag4w
DA:8,1,IXr/3/VlbvEnWqffobt1pQ
DA:10,1,wtxjrmBNVp/dyLfWQ3ixWw
DA:37,1,hU3+3+UYHjEj84eAAwkB7w
DA:38,1,hPb25pEA8jEoxkbRB2kuJg
DA:40,1,6nW2afNsS/JjxgXkIfc5CQ
DA:46,1,zxTJyaZbnv4AhDToqcGj9A
DA:49,1,CndcvPGwMhSEhbP0xizKfw
DA:78,1,DjVBpV4rqmrQB/kXncglkA
DA:79,1,Qi3Jzxtz+9DwXyEB5DywdQ
DA:80,1,rLRz57TIAUZGrPF8N65CEQ
DA:81,1,gTd7gBCX2SpvYQ2AGsdyXg
DA:82,1,7WX1LbcDnh8yk4VBC/t/pw
DA:83,1,nc+j68vXmaKEibh/0s73CA
DA:84,1,qiAPpuyZkgZ3Q7eo9kcvYg
DA:85,1,JbEU5ozyMlgQmPQusjjMrQ
DA:86,1,QbVlrZVLnqxVnjVZ+KRFjA
DA:87,1,SshY/d5h1fsFFfo/7g6O7Q
DA:88,1,BRXITToQuYiw3m/O4bDY4A
DA:89,1,byapjFQ9jOqs6SHD+IP2dQ
DA:90,1,8OAd8vgaod9bKaXOZGo+VA
DA:91,1,NzAGTV6eedPoOMQmSkmsRA
DA:92,1,rogD8ZrFh0XhUpMW18MVMQ
DA:93,1,7NCrnuaP3IV9AQMcuQ4+cg
DA:94,1,lvAXxSvs20cP5+QKXA5www
DA:95,1,W6eRbiqK5iRyZeSmLcV7tg
DA:98,1,hZHZ0b1z8lOdITyuPylOXg
DA:110,1,F2d1mOzg70aCF86Z/9Udyw
DA:111,1,agC8+tSxJaZxqNERanltSw
DA:112,1,0znGug8Zn5/l9eFrpdQ3iQ
DA:113,1,Y6IzVtZbvEA7Y9bVNIHnwQ
DA:114,1,zLsCPEX0zdvc/sPj4Hrsfg
DA:115,1,NotrqSFMwmOapd11/HMulg
DA:116,1,XEFRe/dQWwIGJnVYizSIhw
DA:117,1,KecjQcVkTMEU0Z4C+KKWLg
DA:118,1,e1daFFmEqtI91EQPivb0yQ
DA:119,1,oxOCB+dLDbfQAcnbYjX9WA
DA:120,1,xyEBPd6WgDbtmNMVGnwH8w
DA:121,1,EQkIZwECJkdXn00aW0YwKg
DA:123,1,NFqkyhFyM/UhN00aLuV3zQ
DA:133,1,OumvKdUuWx8T6eq7dBSSDQ
DA:134,1,PdeqDqr4bOft68ON3+/7kg
DA:137,1,uabmu+r1SKHjl9npA2NNjw
DA:138,1,PdeqDqr4bOft68ON3+/7kg
DA:141,1,cReHOx4yarN+Y/dS0DSX2g
DA:142,1,PdeqDqr4bOft68ON3+/7kg
DA:145,1,tAtogdLReM8l+HRt1fP3Rg
DA:146,1,PdeqDqr4bOft68ON3+/7kg
DA:149,1,JIYM5htbqqXDQIByxPSK0Q
DA:150,1,PdeqDqr4bOft68ON3+/7kg
DA:153,1,mfLfjHU79ty6Qj34sj1Trg
DA:154,1,PdeqDqr4bOft68ON3+/7kg
DA:157,1,uRuMJu+q0XMwWGkXbyIkUw
DA:158,1,PdeqDqr4bOft68ON3+/7kg
DA:161,1,5sJXC1CHtamPK53cEjcakQ
DA:162,1,PdeqDqr4bOft68ON3+/7kg
DA:165,1,hVarN8nfDSAfCMMKzgwzVw
DA:166,1,PdeqDqr4bOft68ON3+/7kg
DA:169,1,56eAvNeAotgBQ8Q1M4uv5Q
DA:170,1,PdeqDqr4bOft68ON3+/7kg
DA:173,1,PB1Lu7HImz5CLrbeazoCdw
DA:174,1,PdeqDqr4bOft68ON3+/7kg
DA:177,1,KCyJNFYHRrR1Tuo2KTAFmg
DA:178,1,PdeqDqr4bOft68ON3+/7kg
DA:181,1,+F/C6Q1gPRebRK/0n36KGg
DA:182,1,PdeqDqr4bOft68ON3+/7kg
DA:185,1,3f/Uix/k5sj9iMuzHx+0ew
DA:186,1,PdeqDqr4bOft68ON3+/7kg
DA:189,1,3ynxQY212qgUxiqLUBYm2A
DA:206,1,5b6IhCf4cvoo8VRwghBRfw
DA:207,1,nsjdUBQItt5kntiyPiYtfA
DA:208,1,zjv0Ql+1k6SrXucWToTn7w
DA:209,1,vMXrx1JLjpROe+sjdk4aLg
DA:213,1,HlAQb/tTQxdWu9Off3X9nw
DA:216,1,7NWELuz6eplmcdIUrpZpqA
DA:218,1,kBlVgC1I+KO1vxyhwQjQug
DA:219,1,6jOUzzXSCNwPVKQ50DhTYA
DA:221,1,ay3EP01Z5Y3SnnipkXxEGg
DA:222,1,nlo2KHSsue9HS/I7ttVonA
DA:224,1,/5vfwEAnFJc/Anx1Wr+Blg
DA:225,1,xZLKdHDufRumyLXIgJTnBQ
DA:226,1,2X965qJtEF4lgq9AbfxWmA
DA:227,1,MD96CG3q2rHACC12Pcy8zQ
DA:228,1,5u23mTpizVv5PWf1UmbXsA
DA:229,1,JQuDo9DOLvmwUf7NH+FT7g
DA:230,1,HJkA6cGaRqviSSRmti7YHQ
DA:231,1,i3dJy84SrBuZJAFktMc+Dw
DA:232,1,aduSYz8HFm1vwoHW+4cc5g
DA:233,1,eQvDOXpdpQHsXF7ZYQxmpQ
DA:234,1,YL788i0bGsPZCTLf615pGw
DA:235,1,tAoTfcyJmyECL2JkSm1YMQ
DA:236,1,JbQLweMg0ytU1ZHjrfFFIQ
DA:237,1,NbpKyMiCjYRYEVMa2X+YmA
DA:238,1,gtI58VJoIFExamTIMLJOiw
DA:240,1,7fdv8QsIR30oix5dPQiuhQ
DA:241,1,xNo97yeGiPK4eePfYDTPWw
DA:242,1,I2ZDEDC9Cto/7Hly+iZdRw
DA:244,1,tRjqfRj2WEfAbgKbHMho2w
DA:245,1,gtI58VJoIFExamTIMLJOiw
DA:247,1,XxUQlZxVq71AgBRK7Ha7ZQ
DA:248,1,xNo97yeGiPK4eePfYDTPWw
DA:249,1,jJ0II+gFDepZst4HdoxNOA
DA:250,1,K2VcR+0QjD4B+EuqFDJhGQ
DA:253,1,7sifvwhPVvVkzjbUX5AZYQ
DA:254,1,dDpI1xnYM7U9EkV5ygfLLg
DA:270,1,nch6WtozYHljo0MiqkFfZw
DA:271,1,dDpI1xnYM7U9EkV5ygfLLg
LF:108
LH:108
end_of_record
TN:
SF:pygraphblas/binaryop.py
DA:1,1,BMsHQTHmYthf7ws6JXfdDQ
DA:5,1,wtxjrmBNVp/dyLfWQ3ixWw
DA:13,1,mUDsnWRiqW9R9nTILGKIZg
DA:14,1,p7hNY1S5rX9QtYADf+cK4g
DA:15,1,oYkJdzNwcpMghjWlEFRTgA
DA:16,1,WpCPBvv1Za7VaefPGMuZDA
DA:17,1,qLAaloR/f+XZxG5VcyqNzQ
DA:18,1,5mYv6muhxOeYBWYljO+BNg
DA:19,1,pNdwiMWHKhQdGEyfLrWuyQ
DA:21,1,xqT+e5U9vC9mOCSBrjorgA
DA:22,1,EEVO42j8sSE52hY21St2LA
DA:24,1,YM1E5ZTb7t/dmQK2C+vpGQ
DA:25,1,LgD+9VfGNpLs+GaVr67OHQ
DA:28,1,Dn6Akxkx7qLft0j58ZSNhw
DA:29,1,xQbUJz4u9SxnbRCiNcp48w
DA:31,1,z7JrH+c3B5gS6PFOi+g7MA
DA:32,1,xQOxsiBxFouW5aXRd1ie2Q
DA:44,1,hepLHFhfPiKmZHYOVgO/Nw
DA:45,1,vntF4J2f5v/DaGYYm7TXpg
DA:46,1,s/zaxJpm1lZQjZyQP1STsQ
DA:47,1,6s5PmJk9sFjS3W75Ru2zyg
DA:48,1,exm1lYcbZrO20Gy273oazQ
DA:49,1,E8XxWp8ATYUmza4woa7F7Q
DA:50,1,TW2+8VkkVItldcvQeF6kLQ
DA:52,1,mnoV0T4hEkr2W8HjAfJidA
DA:56,1,OOBTomZGMkiXM1dCMTTHBw
DA:60,1,M/TXF178ahPLmgvuauULIA
DA:63,1,tPaIAxSVHAhUpn6uqF7j2g
DA:64,1,lGIABeT7ILzRKYYoari5Xg
DA:66,1,N+39SwBgkRVfEO45b9GsCg
DA:77,1,L4lmLqpmk8R+fsmwbd/RQA
DA:80,1,iAQNkrfMNyWY8JZghts6hA
DA:81,1,pBozqAoiUA3G55GqiqMo0Q
DA:90,1,GC8y594JZZV8ZEH0Bv7ZmQ
DA:92,1,dFvahv3u7p0EZ8PBvJs1xg
DA:95,1,mnoV0T4hEkr2W8HjAfJidA
DA:99,1,hcjTEbvxDmxykummqqk3Lg
DA:104,1,mW/PuxymSY1iZ0qGXZuE7A
DA:112,1,CHdexVUr0VtD3Kk4z48gwQ
DA:115,1,VOJ6WOPyz4mFi+k3EihQHg
DA:116,1,K3GolG4RdOasX+xk9jYaEA
DA:117,1,pCFy0Lv1d+zKKSGhGvRNtA
DA:118,1,hD0xd+UH7RP5xgEXLI/QFA
DA:119,1,mxbYdnKALaFVpPe/f8dBiA
DA:120,1,r9HjALtG4wnc5ffP7YBQNw
DA:123,1,DQ6WO0wnxu6wLqMVnSVOYg
DA:124,1,J04c0lI5ypvf83FIwgtaaQ
DA:126,1,ysUYokla7Ex95ucN+OhaVg
DA:127,1,xurFGe2rBNGBiUn1nYTHfw
DA:128,1,jtxmX3gLurAowBwGwocwhg
DA:129,1,N4XDnYCz9qXyAlqDg2ciqA
DA:130,1,nigci0MS65If93Uep2gy4w
DA:131,1,OIIFZCBKZ7B4zyl71xQqyg
DA:132,1,i+Fh53h2x90lZghXFuP10g
DA:133,1,QBvu8aVXnlfc9SduEuOZBA
DA:134,1,6qzPJ6UoW91trCNpdhfHfw
DA:137,1,zdgB5re4gKewWIcRIuE4AQ
DA:166,1,uMzoygH188WHJLV30WQA5w
DA:167,1,lB5U+Eab+kE7BMKwCC0Hvw
DA:168,1,g9zikP/0oQmvA1uhnT/oSg
DA:173,1,VRyySYE3t8Rw0k+q1ZzCFA
DA:175,1,nGsLcvNa3oBgwZwJGABQaA
DA:176,1,gf5FthUCp3eQ/JtxZJrJJw
DA:180,1,QthC+5CogAax/aQk/yFcZQ
DA:181,1,MX6xGKuMvRQEi1ymT9tmAw
DA:189,1,w0Vjz9DGdUnQoJdV4OHUIg
DA:191,1,O4f293Ye/3MvDtJcIrBk2Q
DA:53,0,Z1iTvUb4yK7AnaA24yrCUA
DA:54,0,ackOWdJx2/IgtB/ELuvQJg
DA:61,0,GmFptNnKASYEKOWbysWaEg
DA:93,0,EUOei0Yft8av1r61VB1wxg
DA:96,0,d0blii5Dz8bYlRiS4qH+IA
DA:97,0,ackOWdJx2/IgtB/ELuvQJg
DA:100,0,g484oiCJVJTSnU3uGqa63g
DA:101,0,W/g8GJDAYJkSSurt59Mzfw
LF:67
LH:59
end_of_record
TN:
SF:pygraphblas/descriptor.py
DA:1,1,79im5/GUppuS/mUL82+lFg
DA:4,1,oYkJdzNwcpMghjWlEFRTgA
DA:5,1,xqT+e5U9vC9mOCSBrjorgA
DA:7,1,kQn8QgzJNDvZW6NqJ6qseA
DA:10,1,Zqb4IkrKS7pRvs/ryMl3ZQ
DA:11,1,7VlBJ3bNOcbDHVX3c8yNMA
DA:54,1,E4F9c5iBGh+SJ8BKfi9ONQ
DA:56,1,QpfJoIdjkfzjSY2Apk89yA
DA:57,1,lbEsYNB3ApNRvMBaYsrNTg
DA:58,1,IKMjX+r//nn0accZhUHV2w
DA:61,1,R8po6LcCOqG7Y7A0GoTquA
DA:63,1,TW2+8VkkVItldcvQeF6kLQ
DA:64,1,BK+foMhfUltpwhLaXPLX4g
DA:66,1,z1Pw4JmKoRNsuUHg38RIjA
DA:67,1,dhRe9rnAlB0DU4NcSyNJoA
DA:69,1,mnoV0T4hEkr2W8HjAfJidA
DA:70,1,aCmQVVWaNMeISHARTkiosA
DA:71,1,ackOWdJx2/IgtB/ELuvQJg
DA:73,1,hcjTEbvxDmxykummqqk3Lg
DA:74,1,ui2iuCGSxiL0uCIAKRxLGQ
DA:76,1,goRP0jEKemAnZkdk2xCi6A
DA:77,1,UhoojNfnQybs3NYy9n3c7w
DA:78,1,vRysowYT8UnIGNt+ifU2ew
DA:80,1,cgSUovcfTUvzAR/L1bflKQ
DA:103,1,SFIT+UsiS1sF9AO6sbKSag
DA:106,1,mTXURJei7Pt/I+FlzRHx/w
DA:111,1,X115G4CwmLkek13LoY9EUg
DA:112,1,JfBBFWECTK34MquU+oxcRw
DA:126,1,/q/fnFKaeQLEpwXjhq4abg
DA:127,1,F6hvQOA2B4oYhA9BnVVnhw
DA:128,1,JfBBFWECTK34MquU+oxcRw
DA:144,1,leWPu3a92U46XgI3/MVg5A
DA:145,1,Wlzsb4Vp4sOjZFkkbEnRuQ
DA:148,1,kzNkXssnOT/oz/b6eP6o+A
DA:150,1,NK5ZSaD+M/6/UOwK0sv6Hw
DA:151,1,bhe3eCYUKoQ7XxBFmDUrQQ
DA:152,1,iNekfVpWGyN4BOR0FgRXew
DA:154,1,VYwVaG7Taz+5IMShwXOIfA
DA:155,1,IK580r1DQShsgLuQf2qD/Q
DA:156,1,0gMBso09eQFXAtZkJqV6OA
DA:157,1,qkM3CMm5PojplMmH8rf0lQ
DA:159,1,n2FY6pl+a6s+PW+3eCnXgg
DA:160,1,oUasAfpjnRGjMY+cZMBNyQ
DA:161,1,igTSORNj0A61TJsfhkCMRg
DA:162,1,H+OmZ6ewK1j7CNCRc4s24Q
DA:164,1,4odF3rYQeWhp4qsuRq7iMg
DA:165,1,u0WD9oZfKaWAB6gXkmmn4w
DA:166,1,Dguqe7PA3Xw+BM3Uo24asQ
DA:167,1,AVqQum233MRaf4fz5gqeCQ
DA:169,1,kLmGs9Smhilt6K42OLjOvQ
DA:170,1,jekfbfG8Rl3Il7QnWLoT/Q
DA:171,1,/Skj0iyInM8z+Pxo1CJqvQ
DA:172,1,tHyhQfvLMdhVO9nH+Ms7Rw
DA:174,1,RpzEbpzLkNIVu3y4mvr/Iw
DA:175,1,SfzLdreiLsY9pRBMrtj5qg
DA:176,1,R+E69BOfgW4UPXOgsFLanQ
DA:177,1,CTilKIS7S4g3c4x1wsvZLA
DA:179,1,XBe9AAiUUAvVnvF9f3kU3Q
DA:180,1,if2aFGuuPVCBryBxRAX1OQ
DA:181,1,D3Kq15nR93S/OH5mTRl7Ag
DA:182,1,9N9e/JWhLsnChnqN/YAvbg
DA:184,1,wtxjrmBNVp/dyLfWQ3ixWw
DA:59,0,gi4I+sxwS+uZvC2cyaVO9Q
DA:81,0,F6hvQOA2B4oYhA9BnVVnhw
DA:82,0,K63k6rMEAEM1lfFi8gbzcg
DA:83,0,m9fiBic7Sc8ZMVXs+BqWFw
DA:84,0,JfBBFWECTK34MquU+oxcRw
DA:94,0,seIU7qoEzVX99NH0vHxmIw
DA:95,0,Gz4SGFSfliFtU8N8VCfM9Q
DA:96,0,eYzBr2vd9OjEdkdviSfBtw
DA:98,0,SVN8lmcT8b6uwr9UsXn/IA
DA:99,0,CYCf/pZ7OggiyH9h/b4pJQ
DA:100,0,xptq03LT2pcVIiais8p2fQ
DA:101,0,RGM770oADryGLfvmpp5svQ
DA:104,0,bR1x+WOfvElXO6POLUOoCA
DA:107,0,Y8rsfiF1S5RK8laoHy16sw
DA:108,0,vlCGx2UeMQs0CLk10U9f+Q
DA:109,0,wP1K87USrulSw3nRTZ9BrQ
DA:122,0,UFpMT7WDxNedWOIMCJiEBQ
DA:123,0,7N/JFuOs+JgNw/t49ouLjw
DA:124,0,eJ6zrxnLWn/k18a2vHOhRA
DA:138,0,seIU7qoEzVX99NH0vHxmIw
DA:139,0,SVN8lmcT8b6uwr9UsXn/IA
DA:140,0,S8/9A8Hv3aHGbShRlb6Evw
DA:141,0,n05AfdIFALNK7eRaTWeHow
DA:142,0,eJ6zrxnLWn/k18a2vHOhRA
LF:82
LH:58
end_of_record
TN:
SF:pygraphblas/gviz.py
DA:1,1,nhBVSr3QiiKaN82nzvFcnQ
DA:28,1,LLdv2p3EUGUMcq7ncGKSXQ
DA:29,1,UpXlMJ5Fsnz26hf2sTmqEw
DA:30,1,nfeLa5IxOgjQw5vYvgp1cw
DA:31,1,LSc6bzwaMPzo0MjqtMN1pw
DA:32,0,1CyT5x6LOGliur21EMxbaA
DA:33,0,fCqJE2CNb51l48YeB+UNZw
DA:34,0,cyS8rLvneU6tpQ8SH1GRFA
DA:35,0,6vWAvNsegNqafFN4IKLrhg
DA:36,0,H6Ih3lhVTepkL/uzTHkubA
DA:37,0,eTEM5i58Dm0b/PQrS2/cDA
DA:38,0,DuC1T5Hn8k+0QEqZ7aP8Aw
DA:40,0,wtxjrmBNVp/dyLfWQ3ixWw
DA:465,0,4yx+c2TJG83kDfUEVxAJLg
LF:13
LH:4
end_of_record
TN:
SF:pygraphblas/matrix.py
DA:1,1,dxbxgZiuvJXVLhL4BYn+Sg
DA:4,1,mUDsnWRiqW9R9nTILGKIZg
DA:5,1,bCilR3McFjZmd5pwfbTpqA
DA:6,1,LLdv2p3EUGUMcq7ncGKSXQ
DA:7,1,AwpGUILSjGu34WAr6c5fRA
DA:8,1,JE3MHlwTUV+9Brii4ShMcQ
DA:9,1,6vWAvNsegNqafFN4IKLrhg
DA:10,1,5mYv6muhxOeYBWYljO+BNg
DA:11,1,IWWjrCeOtk8NNtrE95++2g
DA:13,1,DNhSByVJAdi11r7orhxqow
DA:27,1,EEVO42j8sSE52hY21St2LA
DA:28,1,dPZE6+M31gm9DDdSdf90Jw
DA:29,1,HDNqhaKKwrEItd1RqUeRZQ
DA:30,1,d+cii73+/bw9v/a0V2Dt8g
DA:31,1,keXvWwMwhkPhifbFihhVvQ
DA:32,1,PBArqZ6ZIHYEh8VC8SUJDg
DA:33,1,u97ZTBglUAKMnK85CcGiKA
DA:34,1,LFupMMAv3bZHhpIB0rmu5g
DA:35,1,RUCwyTJl7TySijUcm0SU9A
DA:37,1,LK7CeRDiR7AP95vwSHE8qw
DA:38,1,8L7w57RYUT04J4xu0QPSrw
DA:40,1,pNdwiMWHKhQdGEyfLrWuyQ
DA:43,1,fWTk3KGhTs3MmoCvD5i9Xw
DA:44,1,nsjdUBQItt5kntiyPiYtfA
DA:45,1,IDdfB+eako4xIcQRPDB0OA
DA:46,1,L+8fzBQAqrkGSDQMvFoc8Q
DA:47,1,fnJ0mV2uW+Ax+MEX5U542A
DA:51,1,JjLh+nEbVDC1geYydCfk+A
DA:54,1,AqRKDBaB9tVzTungFKv6Ng
DA:55,1,KVpsCtBh1qLyvbBSvvJy5Q
DA:97,1,BwSJXP3fufgYkfk285PrbA
DA:99,1,9NL9jDEMsEjR5Vf8MirXWA
DA:100,1,ITc/jl7IkBj1qucEnUWnbg
DA:101,1,OHYpQiho1awpIXFryZ4FVg
DA:102,1,0B/JI6NR39rZjYhJKgXjww
DA:104,1,ZWpzmdZvruORcXetfHkeKw
DA:106,1,1RfrVVd9urtMrMvbuD9U9g
DA:107,1,bwItN50qQ+Ws7bDXJ5H4lA
DA:108,1,9JZ8teyDT5Qaukp0gzWWAA
DA:114,1,FfzVwTYkg0amKY+zVyvTig
DA:116,1,goRP0jEKemAnZkdk2xCi6A
DA:117,1,3Ck5uijCAhs1fCUjbDgu4w
DA:119,1,Nnqu9X+lU2lagW39QNhFWA
DA:120,1,wheyc0o1hjcaUM+PNFq3YQ
DA:167,1,xeRQBuEoEV058tae9MBsmA
DA:168,1,NSnzFa8RgenIgpTeFImLzQ
DA:169,1,5yr5YroJyf1mkQ7m4viIhA
DA:170,1,LUyKsJ890SQCjsN0wN4jUw
DA:171,1,Vbu1rYM2tCv6jMjT2yj7fQ
DA:172,1,jORC5lWbyQVGTHo+LXcRsg
DA:174,1,fYSHDWvZ5QC6x+g9225uAA
DA:175,1,L9WPnAlC3QGfx0JwCU0C6A
DA:176,1,QLXF0MXW4Hv1p0TIjChBaw
DA:180,1,ad/t30HXFw2O8IN92pmPtg
DA:182,1,Nnqu9X+lU2lagW39QNhFWA
DA:183,1,/hc/7Em/IvNQ9+FmEmRWaQ
DA:220,1,xeRQBuEoEV058tae9MBsmA
DA:222,1,5yr5YroJyf1mkQ7m4viIhA
DA:224,1,IovkyY+JGFxNJKFW/okQKQ
DA:225,1,3btExeuY4jq6jLsyLPFsdg
DA:226,1,4hwbVNqvJ1iJxNmqOy4atQ
DA:227,1,HZApszgxHgsszsHd+YpwGQ
DA:228,1,1ljznyPAW0LUUg7L4mpaJg
DA:229,1,K3x0BfZNqq+Yj7NipxkTLg
DA:230,1,kwY4XhiEVE/j8y4MOF4x9w
DA:231,1,ad/t30HXFw2O8IN92pmPtg
DA:233,1,Nnqu9X+lU2lagW39QNhFWA
DA:234,1,JKl6kKljxOuvZiBbhBIV5Q
DA:268,1,Nnqu9X+lU2lagW39QNhFWA
DA:269,1,Q+uy0meCZuQoPiyg3VU4Qw
DA:314,1,8k/p/oOIP7XR6jK+qib9zQ
DA:315,1,8QocWqKOPPM3ossLR2rtPA
DA:317,1,lgqyaIT8Fr5NRhtJRlpp0w
DA:320,1,PMYWddzjmOK7Pv2KZU+PLw
DA:321,1,FvgLmrjDOp86A/SLWNUgng
DA:322,1,dBxzmQYadZR/RhGX7EZTxA
DA:323,1,KrFuaYRPlI9kOzAsvxcizg
DA:324,1,sDlUWYG3bio3woE3cAAu2w
DA:326,1,ITc/jl7IkBj1qucEnUWnbg
DA:327,1,UuIGguI/Apca8KXTUkWrfg
DA:328,1,3btExeuY4jq6jLsyLPFsdg
DA:329,1,50hvx37tOvRCIsetbb/L1Q
DA:330,1,tj4OMQ0P2Zd0+4Rk2aD0Pw
DA:331,1,ad/t30HXFw2O8IN92pmPtg
DA:333,1,Nnqu9X+lU2lagW39QNhFWA
DA:334,1,YyvawOQ19hHNqlOJYtsFsQ
DA:377,1,Nnqu9X+lU2lagW39QNhFWA
DA:378,1,bwNaxiLTGrXYa/exupcytw
DA:411,1,Nnqu9X+lU2lagW39QNhFWA
DA:412,1,nhviQdjAJOTw/91heZgM8Q
DA:428,1,+nQSYnlnpU9mygNlYOXLxQ
DA:429,1,b7/aK1h4Kup5cq6Suq21iA
DA:431,1,Nnqu9X+lU2lagW39QNhFWA
DA:432,1,d4z6AgdCde3wdkAAlFBL9w
DA:454,1,T52XI+68IpAEpSkz4cCAew
DA:456,1,Yobtd0fpp2R04C1UPcv4zg
DA:458,1,DscgfgBf2gezxo16sXxuag
DA:468,1,h+JnfNTdx+nc4vcYw7VNIg
DA:474,1,+vJ5bsF2EJHXjuF0wKpRAQ
DA:475,1,A/3n9rUOeIn/wgk0zJ0TsQ
DA:476,1,H9g10XKPH9o3+B3pu7sh5A
DA:477,1,bgkzc6DnnUBXoZPHahCZEw
DA:478,1,ghS+nkLV3rkA3fBU2KMlsg
DA:480,1,AYG8iFKH7dNZD9KjnuYsQQ
DA:481,1,ZxuALavlrN+Nt7/tA6Pg2Q
DA:482,1,KyejF64K1pxfLiPIpGTuUw
DA:483,1,oSaTA8XOG+q8+vcWyVFjVA
DA:484,1,W0r7+MduQZDcA3HvNmrlZQ
DA:485,1,lmbbswCM2EHd0x48LaQrtw
DA:486,1,49LcdJuqCHRDut5nmyrWAQ
DA:487,1,4hfi0JqYa3GZeBIukol52g
DA:489,1,Nnqu9X+lU2lagW39QNhFWA
DA:490,1,mT8raCYDVRW+w/nTfJPh/Q
DA:497,1,a96BhvnkxIItFuIM2y9b+A
DA:499,1,Nnqu9X+lU2lagW39QNhFWA
DA:500,1,Vg8BN035Ls7XcfBT0QTp8w
DA:526,1,RYGNvWFgw8laGnbisnbH+w
DA:527,1,L5DjzZPGGPcYAqTCIDHEFA
DA:528,1,mjAK+i+Vgjibro/dqWQG+g
DA:529,1,INfGWN8n9Td+/VnlvSvdww
DA:531,1,tTjgEYRgyWsBZWa1db4VZw
DA:533,1,yrn+9FCCrqS84mk8WBDWHA
DA:534,1,KFhqvapMqtwXVPdHyZacnA
DA:535,1,lussjU+0EA3O0tuT7WPHzg
DA:536,1,Fnyp7pA84Rgtt0okJzko5A
DA:537,1,/YkLVQwOH4LHVuz0CwiNmA
DA:540,1,zzSl0bUorSicmdzIM1mqfg
DA:543,1,IGxerkVTGATwwnWBtFelEQ
DA:544,1,Fnyp7pA84Rgtt0okJzko5A
DA:545,1,Yobtd0fpp2R04C1UPcv4zg
DA:547,1,cCb3hp1C+96qNk6qPTyyow
DA:549,1,1MDl3BXmAjwX5LzliM9Pxw
DA:551,1,0ULrzNv8PfvSAj7BSu+97w
DA:553,1,Mde/2gnkoW9sXBIPqwx4lw
DA:555,1,NaqMQyoVpBimNTKRF944mw
DA:556,1,/pwSCAXjETsA/9eaaRLR+A
DA:557,1,SZFIKQTPPypIRFKq9uD+Nw
DA:559,1,9BndDHI9vsTgtQw2/MkBDQ
DA:561,1,jYy0xGsQm+ZoJ/X6VDwqfw
DA:563,1,TEFhw5D/JNoh2CX6ar0UwQ
DA:565,1,4UCSnvT6hRCMWsDKMRWO2g
DA:567,1,yFA1xJZubiYfDBXpnDhObw
DA:568,1,BolJVJjIVDQ4pmsZcmCEvw
DA:569,1,2pUbGflkxtlLiakUJnRzFg
DA:570,1,j4QBR58QUSye1p4o/QNL6w
DA:571,1,4hfi0JqYa3GZeBIukol52g
DA:573,1,Nnqu9X+lU2lagW39QNhFWA
DA:574,1,ENVkwXaRyvW7mFifDE5lug
DA:589,1,lNWxA3XZZ7EeCJ0pa+kXHg
DA:590,1,AoQuq8tfwed+8TI6eflQjg
DA:591,1,CdOJKLB61x5d+GP0oC9dLQ
DA:592,1,EIl+Ab6PXNSqD+f0e9q2Jg
DA:593,1,zhAFHX2bHk2139OywZqLOQ
DA:594,1,cPa3dAsIk+eSRfSpgwNsyg
DA:596,1,Nnqu9X+lU2lagW39QNhFWA
DA:597,1,rdJrWIkHttyR9uHaTWY/6Q
DA:627,1,HmADa1g/W1C2Vo9Wm4sNNA
DA:628,1,q2+FcGhFt9Kh6eq4pQqw0g
DA:637,1,r14+/deCJlFtH/zxO+gapQ
DA:638,1,76z3t21UA7JFvWObo6E98Q
DA:639,1,bNV/08TRTU1M/6CRn0+X5A
DA:641,1,HmADa1g/W1C2Vo9Wm4sNNA
DA:642,1,oI0Cenu2ln6x+eVF/wQyyQ
DA:650,1,U8NYXcd7SN8S+7l1AWtJ0g
DA:651,1,78jfA4LbBVIC0yA83K0veA
DA:652,1,Kd+AymRubH3hEb+hqhqjUQ
DA:654,1,HmADa1g/W1C2Vo9Wm4sNNA
DA:655,1,FJJgHRXiJbkoHul9h8DGUw
DA:663,1,U8NYXcd7SN8S+7l1AWtJ0g
DA:664,1,1DF+fW+KZwz26VFuphz/HA
DA:665,1,Kd+AymRubH3hEb+hqhqjUQ
DA:667,1,HmADa1g/W1C2Vo9Wm4sNNA
DA:668,1,KWc1dzpvpNp7a58oAtQi8w
DA:676,1,60UYvh3aIBNj34DTFWse/A
DA:678,1,HmADa1g/W1C2Vo9Wm4sNNA
DA:679,1,DCoXRCuq9Kbrdab7HxF1vQ
DA:690,1,h65vy6csNFyIvic0eue7bA
DA:692,1,HmADa1g/W1C2Vo9Wm4sNNA
DA:693,1,WozXwOPaSQZtREjcFImviw
DA:701,1,U8NYXcd7SN8S+7l1AWtJ0g
DA:702,1,vSxSSaViSMNFQyU+jC1Fkg
DA:703,1,Kd+AymRubH3hEb+hqhqjUQ
DA:705,1,HmADa1g/W1C2Vo9Wm4sNNA
DA:706,1,UL2cluCfJrrEjWXoro2LFg
DA:716,1,HmADa1g/W1C2Vo9Wm4sNNA
DA:717,1,pbKPwuhJ9yqOQ57rcFP2HQ
DA:730,1,WXsCD5aZ2FfxfaGC23qe7A
DA:732,1,HmADa1g/W1C2Vo9Wm4sNNA
DA:733,1,RdmHAY0DTklQebXN4d+NAA
DA:754,1,8xXr4XmLRKXf2iWKDM5VgQ
DA:770,1,BwwWaLv18BStDiMuZyPfGA
DA:772,1,Vbu1rYM2tCv6jMjT2yj7fQ
DA:773,1,lF0UMPpqQwqkvrZf5ftErw
DA:774,1,8820ihc2h8xzov8II83WkA
DA:776,1,HmADa1g/W1C2Vo9Wm4sNNA
DA:777,1,tgJdfKYF/utx+1l9My6N/Q
DA:786,1,VU9/c0RL9YciZ4uOKpjJxw
DA:787,1,oYKyDFursgvLbIM6d+QBkg
DA:791,1,/je7Lj0fli3Aa/7TtdGwsw
DA:793,1,6sPIkZ4Y7ZJShWvnoReTSg
DA:794,1,KjTln4IuHysMNx2l5ypMJA
DA:804,1,o70eKJR26qAExug8rv4iBg
DA:805,1,oYKyDFursgvLbIM6d+QBkg
DA:810,1,HmADa1g/W1C2Vo9Wm4sNNA
DA:811,1,gl6LOdqWYj20sTYe/0Q+2w
DA:819,1,X6HFEvVXHj2O9ceSfu4ABA
DA:820,1,WJqMNJaZslapkWJJ4y7+Pw
DA:821,1,o+Sv0JIzMtbZNLjqRYAkWg
DA:823,1,b/LSwA4/uxb/TYFHUCoI1A
DA:824,1,0g8W/VEy5EkiDgJHVojC1g
DA:833,1,dKzPlqMpwIAOOM85ysr2oQ
DA:834,1,Ovck3H7Fpzm5Wb2OkvtAKA
DA:836,1,HmADa1g/W1C2Vo9Wm4sNNA
DA:837,1,2T+d8i0eCDCiqiyoHYts4w
DA:845,1,5m+Qcmd7PS9uS5oYnYWW1Q
DA:846,1,oYKyDFursgvLbIM6d+QBkg
DA:852,1,o1kQcmhxakUT1h/eeUQXXA
DA:854,1,q1/vTZojv4bGX4lsVKmgjQ
DA:855,1,1hXY6U4X+ibsx3/sB/jEAg
DA:863,1,ivRtqr7yZbGNRs+CpE4AIQ
DA:864,1,oYKyDFursgvLbIM6d+QBkg
DA:871,1,HmADa1g/W1C2Vo9Wm4sNNA
DA:872,1,1TdoUiEtwgT/KTmwePy9lA
DA:880,1,af5gSaRPhEyaRjFZtykXLQ
DA:881,1,oYKyDFursgvLbIM6d+QBkg
DA:885,1,RNP0jqXTg7uGdYJfrwhbfA
DA:887,1,L8vqcny0lBhXbPrJD9p0YA
DA:920,1,+KsE+z0zJUAn2ttJzcV7tQ
DA:921,1,sErjr/bxsHduD+krF8AmIg
DA:922,1,L4mURm2+HqkCb69H4tGBRA
DA:924,1,HmADa1g/W1C2Vo9Wm4sNNA
DA:925,1,7CP1DBRRz5argwJ7V/jJYw
DA:935,1,E7GuBvuAYYLd30HsNWxFMg
DA:942,1,jKkuqGpq71ocJ6KfplD9yw
DA:944,1,YYCDH6BKRFw7NmgaEA9Mow
DA:952,1,hz+Ycbpeel/r9gAEN2zdeA
DA:953,1,f4a157K7s774vuGd+jmUnA
DA:954,1,fDs1Z1vfX1eMFigT4N5RwQ
DA:955,1,U8NYXcd7SN8S+7l1AWtJ0g
DA:956,1,cpRiL8tObTy5S1Qb2QrnvA
DA:957,1,GG/J1SYuRZEwKWrcYgZdJA
DA:958,1,GiYVbghumF4ZcnED4mTfsQ
DA:960,1,9KxkZRtFQwuFRkFZnMBA6g
DA:976,1,qFvWNrPCIuvLEo1L9r9MGA
DA:978,1,sWcWPyK2egO02BksF1SitA
DA:1001,1,N5Wsw43pgsixa80gSlkcZg
DA:1003,1,NkgaIYFIsCXNfTcFoUR4Cg
DA:1044,1,+KsE+z0zJUAn2ttJzcV7tQ
DA:1045,1,Oy9+OKAYUs3gTWTpmbjc1g
DA:1050,1,eTKGp1fssO0nBU7/w0CB+w
DA:1051,1,9cNjDrSjeW1L4rpSS/5V6w
DA:1054,1,smBbqhr5s0Z7NBFA8buL6g
DA:1055,1,mk1xh8ixewnG9401uITnpg
DA:1056,1,QyqXAt2W/j0PeoIXiBlkXw
DA:1057,1,hyS6yes0N+J9ZzStSUdm1A
DA:1058,1,oYKyDFursgvLbIM6d+QBkg
DA:1061,1,PlvzdtsgA8oJTzl8JtlVEA
DA:1063,1,xQ4iYEKYLbdUm6YRogUjjg
DA:1099,1,6JGbyf5QcCekNrKy45alzg
DA:1101,1,4e3b1IVDAlwMeUODAglzbQ
DA:1103,1,RqM4nT43cDxvHosBxY0KaA
DA:1231,1,xNP5asrdCLzLKCq/5QLuOg
DA:1232,1,3WzA2131YxelAhuCwENzJw
DA:1233,1,JSt2EItc7pRA/v8/Nb96dw
DA:1234,1,W3o+GkfslAOmwD7fRWTHZg
DA:1236,1,WAdd7W4G9bNze9G/1wnqBA
DA:1239,1,hyS6yes0N+J9ZzStSUdm1A
DA:1241,1,+KsE+z0zJUAn2ttJzcV7tQ
DA:1242,1,25KxEllTVkrEzdsCXht2ww
DA:1243,1,eTKGp1fssO0nBU7/w0CB+w
DA:1244,1,onNJl7UH9NbGouNNU0KBVg
DA:1245,1,vpHcmrnbtjwiDU+tekL2RQ
DA:1247,1,pv72W8g5ZnmuFj8dq53IAg
DA:1248,1,gDVc6j8yc2ELQf66lQ4A3Q
DA:1250,1,oYKyDFursgvLbIM6d+QBkg
DA:1262,1,PlvzdtsgA8oJTzl8JtlVEA
DA:1264,1,jEUKaAX/quxHfJuGNcZ5cQ
DA:1266,1,Nnx5d7FFqk4t/Gb0KrJ4BA
DA:1386,1,pTFJbpoMQkhYN3tr3tMeVw
DA:1387,1,GrtzGZingT+cmzE9xDonBg
DA:1388,1,UupvI3Ts4w/7B60ctCnHmQ
DA:1389,1,v1EIGqsxYWRtb+O4/pY7Yw
DA:1391,1,hyS6yes0N+J9ZzStSUdm1A
DA:1392,1,+KsE+z0zJUAn2ttJzcV7tQ
DA:1393,1,25KxEllTVkrEzdsCXht2ww
DA:1394,1,eTKGp1fssO0nBU7/w0CB+w
DA:1395,1,onNJl7UH9NbGouNNU0KBVg
DA:1396,1,vpHcmrnbtjwiDU+tekL2RQ
DA:1398,1,KiXglbPlo2gxEyctke8QEg
DA:1399,1,EmJ1CyN5RjOkOjubdrZ9TA
DA:1400,1,EPVVvWblulzwEO7rjB4Hjw
DA:1401,1,oYKyDFursgvLbIM6d+QBkg
DA:1413,1,PlvzdtsgA8oJTzl8JtlVEA
DA:1415,1,tCqfAXRGGlVqt4KAQF09Zw
DA:1417,1,EEZwiqU6YmjwcMY0Z7x+VA
DA:1427,1,CZNhWjisXNWFUmXljKwMHA
DA:1428,1,kycMaH6XbPuAfUpgfG1Lbg
DA:1429,1,QJKrp331dAU/YVVLImi/XA
DA:1431,1,CDt1naPd21lW6skf4APs7A
DA:1432,1,k/1jWhvmsfb8S4/LAouPng
DA:1433,1,kycMaH6XbPuAfUpgfG1Lbg
DA:1434,1,K30aGzxyBW1zWhS07Ak45Q
DA:1436,1,hjonxOQ6+Z3eg6by5jxT7Q
DA:1451,1,pOHjLjY4x9GvY59k2iM4AA
DA:1452,1,kycMaH6XbPuAfUpgfG1Lbg
DA:1453,1,I+a1h0x0cN94yYb78UBSuA
DA:1455,1,wf8NzxdW2ov2fkubeGV45w
DA:1457,1,dYTog8ciybFsPoukHfYiuA
DA:1459,1,14/FJ08LgnjasFiR9+VXyg
DA:1467,1,R6PMhYW+Xr+n1y74S8TdUA
DA:1468,1,C9zTpkmoFdaQH/gJYI+how
DA:1469,1,moLA98FML3YUH5X/OJVmtg
DA:1470,1,pFrhCRH8uqtgqalQNwvskw
DA:1471,1,NPfh4yZhXEQXgY0vnEqFRQ
DA:1472,1,uqLYsBKRc8P+rWqEWwuTLQ
DA:1473,1,7OpjisFMT4e3xOv0dQNf6g
DA:1475,1,AUau3wYAbTr6lTI+bvXcnA
DA:1484,1,E66W5T37/WZh/jIltea0YQ
DA:1485,1,2i6VXs3TnHheWRQffHAz4g
DA:1486,1,R6PMhYW+Xr+n1y74S8TdUA
DA:1487,1,C9zTpkmoFdaQH/gJYI+how
DA:1488,1,moLA98FML3YUH5X/OJVmtg
DA:1489,1,pFrhCRH8uqtgqalQNwvskw
DA:1490,1,NPfh4yZhXEQXgY0vnEqFRQ
DA:1491,1,uqLYsBKRc8P+rWqEWwuTLQ
DA:1492,1,Fk9siKcgCUtK1xyj5pPSjg
DA:1494,1,HmADa1g/W1C2Vo9Wm4sNNA
DA:1495,1,eZ1EwlhVXb1zcDKrtVjjTw
DA:1503,1,R6PMhYW+Xr+n1y74S8TdUA
DA:1504,1,C9zTpkmoFdaQH/gJYI+how
DA:1505,1,moLA98FML3YUH5X/OJVmtg
DA:1506,1,cFLuGBsT5G3dNzo8fSiM6g
DA:1507,1,G/f+4SXdc5ryMLamEDZC8w
DA:1508,1,uqLYsBKRc8P+rWqEWwuTLQ
DA:1509,1,nmclOdp+Bkw2KZQzWPXhLQ
DA:1511,1,HmADa1g/W1C2Vo9Wm4sNNA
DA:1512,1,KOLyZaPXmXLo4abKzgpueA
DA:1521,1,HmADa1g/W1C2Vo9Wm4sNNA
DA:1522,1,55nJWCkpNxOxwE3JAjI4fg
DA:1531,1,HmADa1g/W1C2Vo9Wm4sNNA
DA:1532,1,EKWcP60rTAg+M6B397aTMw
DA:1540,1,R6PMhYW+Xr+n1y74S8TdUA
DA:1541,1,C9zTpkmoFdaQH/gJYI+how
DA:1542,1,aD/aqEIlSACXqEjwI01QJg
DA:1543,1,pFrhCRH8uqtgqalQNwvskw
DA:1544,1,G/f+4SXdc5ryMLamEDZC8w
DA:1545,1,uqLYsBKRc8P+rWqEWwuTLQ
DA:1546,1,xBsd5Ve1Jdqn5i6VFtOZbw
DA:1548,1,HmADa1g/W1C2Vo9Wm4sNNA
DA:1549,1,OHOFnqu22RD90Xj9a1ksQQ
DA:1559,1,HmADa1g/W1C2Vo9Wm4sNNA
DA:1560,1,Hd0AGfcZ9J9e0s8hAlFhVA
DA:1569,1,HmADa1g/W1C2Vo9Wm4sNNA
DA:1570,1,Rd20Qx3mYRwOaVI+bYu3kQ
DA:1578,1,R6PMhYW+Xr+n1y74S8TdUA
DA:1579,1,C9zTpkmoFdaQH/gJYI+how
DA:1580,1,aD/aqEIlSACXqEjwI01QJg
DA:1581,1,cFLuGBsT5G3dNzo8fSiM6g
DA:1582,1,G71UBNGHdwbffc3XYIGRPg
DA:1583,1,7RGCgjeHjlpZuW2talWnrw
DA:1584,1,rJ51sXg/t1jHgg+eEsn+Mw
DA:1586,1,HmADa1g/W1C2Vo9Wm4sNNA
DA:1587,1,3r27vs8/y9cbckrrHG0ONg
DA:1597,1,HmADa1g/W1C2Vo9Wm4sNNA
DA:1598,1,ypWdzzfK9dP00ZRSd2pczg
DA:1607,1,90WKx+jihbpA+J0oAVWA1Q
DA:1615,1,NhwiEFYxgSItKkKpG1x/GA
DA:1623,1,pqTCtH1lIol+gbwHZ1v2nA
DA:1625,1,cgSUovcfTUvzAR/L1bflKQ
DA:1626,1,gVNA1f561SrVHHtUsgovhg
DA:1627,1,vX+hhhftXlSYsX3isZkswA
DA:1629,1,SVahGenXT7lu3lig/fBnEA
DA:1630,1,gVNA1f561SrVHHtUsgovhg
DA:1631,1,K8fpSq5c+ROHX+pNPRxCLA
DA:1633,1,Z++inLoUPZhbvAA0xspB5Q
DA:1634,1,gVNA1f561SrVHHtUsgovhg
DA:1635,1,ZsN7sAb69RqPSSZBgTLqDA
DA:1637,1,HjNlvGuIkrLHObMYWONFMQ
DA:1638,1,gVNA1f561SrVHHtUsgovhg
DA:1639,1,4SdCjwf+eG81xKGbChUL5w
DA:1641,1,KreFH4WG1InwCd8bHca6kA
DA:1642,1,BJj4JzbHUPyCHm7Fu2wDyg
DA:1643,1,n4dZpFt0R1tLSnylJF/ZYA
DA:1644,1,Gpeyk8Dx2Rs+uopHgFnQ4g
DA:1645,1,ZsN7sAb69RqPSSZBgTLqDA
DA:1647,1,l1LJ0jVQ10FA6FM+BmovVA
DA:1648,1,BJj4JzbHUPyCHm7Fu2wDyg
DA:1649,1,n4dZpFt0R1tLSnylJF/ZYA
DA:1650,1,4ldWUHXEEwhGAA6KxeBlmw
DA:1653,1,S9FKCuOxXrSU7sMUpvIMZg
DA:1654,1,BJj4JzbHUPyCHm7Fu2wDyg
DA:1655,1,n4dZpFt0R1tLSnylJF/ZYA
DA:1656,1,TeJBMo2n+sGX7OjjQrfn3Q
DA:1657,1,4SdCjwf+eG81xKGbChUL5w
DA:1659,1,bZtIw7CkPhnHghKwTHgwCA
DA:1660,1,76T4E+o/3z78jlp6kXkf4Q
DA:1661,1,n4dZpFt0R1tLSnylJF/ZYA
DA:1662,1,Gpeyk8Dx2Rs+uopHgFnQ4g
DA:1663,1,ZsN7sAb69RqPSSZBgTLqDA
DA:1665,1,OiQZsE5PLDweANSSCJ3UxQ
DA:1666,1,76T4E+o/3z78jlp6kXkf4Q
DA:1667,1,n4dZpFt0R1tLSnylJF/ZYA
DA:1668,1,4ldWUHXEEwhGAA6KxeBlmw
DA:1671,1,+lNIYKPBzZuHK6Wdgkb4FA
DA:1672,1,76T4E+o/3z78jlp6kXkf4Q
DA:1673,1,n4dZpFt0R1tLSnylJF/ZYA
DA:1674,1,TeJBMo2n+sGX7OjjQrfn3Q
DA:1675,1,gKB7vSx0CznNVVJqEzqfQQ
DA:1677,1,+RuzgsASJ0KEWoDURE05Bw
DA:1678,1,ghMYFxEzDYvPeJuZdaZzDA
DA:1679,1,n4dZpFt0R1tLSnylJF/ZYA
DA:1680,1,Gpeyk8Dx2Rs+uopHgFnQ4g
DA:1681,1,vX+hhhftXlSYsX3isZkswA
DA:1683,1,MeteIXV42WH95X+cIToheg
DA:1684,1,ghMYFxEzDYvPeJuZdaZzDA
DA:1685,1,n4dZpFt0R1tLSnylJF/ZYA
DA:1686,1,4ldWUHXEEwhGAA6KxeBlmw
DA:1689,1,JLuox0rFVzXCb7qF8GvmwA
DA:1690,1,ghMYFxEzDYvPeJuZdaZzDA
DA:1691,1,n4dZpFt0R1tLSnylJF/ZYA
DA:1692,1,Gpeyk8Dx2Rs+uopHgFnQ4g
DA:1693,1,wAGLru190ba0MYuAJ7D7Xw
DA:1695,1,GDjeyqBVivD0fgBPbARFQw
DA:1696,1,i3NW/VoKrBS1wIy/qYp4Nw
DA:1697,1,n4dZpFt0R1tLSnylJF/ZYA
DA:1698,1,Gpeyk8Dx2Rs+uopHgFnQ4g
DA:1699,1,vX+hhhftXlSYsX3isZkswA
DA:1701,1,YbdwtH1cXDOzCT13idi9gg
DA:1702,1,i3NW/VoKrBS1wIy/qYp4Nw
DA:1703,1,n4dZpFt0R1tLSnylJF/ZYA
DA:1704,1,4ldWUHXEEwhGAA6KxeBlmw
DA:1707,1,suRzAm7LvC9TqyihrG/Q4w
DA:1708,1,i3NW/VoKrBS1wIy/qYp4Nw
DA:1709,1,n4dZpFt0R1tLSnylJF/ZYA
DA:1710,1,Gpeyk8Dx2Rs+uopHgFnQ4g
DA:1711,1,wAGLru190ba0MYuAJ7D7Xw
DA:1713,1,TbVvZE/QRYnrlRDwMncNAw
DA:1714,1,+lYOBaOtw/5jIAsNCR3esg
DA:1716,1,QxTsbMGPtj3oaS2U4Qka0w
DA:1717,1,x85Y8KVnNnhykfqd7BbdNQ
DA:1719,1,DJ/bKH7TOCzy3bqK0KHIgw
DA:1720,1,hw2vj0kxf6rWZS49dsNsBA
DA:1722,1,cmKsDeMYAPDiwMzRBfYMCQ
DA:1723,1,+pEZUIaW3IJkzCW4p0zdpA
DA:1724,1,CitvIVveX37DiCdtvV1aAw
DA:1725,1,+SHjBFyF0/D925Hw0FsxzQ
DA:1726,1,mG+Mp/zmfsGieDylC8U5Ew
DA:1727,1,hLxr2kuqpfekKxBee027Jw
DA:1728,1,NJ3h7Bi4kYsfKMFlWxbUUQ
DA:1729,1,cNbnf586YZvl5eKP13rarA
DA:1730,1,cPa3dAsIk+eSRfSpgwNsyg
DA:1732,1,rRkEJ8I29b31zNixkeTZKA
DA:1759,1,rVefH/pl9qwfoWW1kiEFqg
DA:1772,1,gSunHxsg0lGA24Drksj3IQ
DA:1773,1,j/wfDkDMMe3s4x1kqo+Hyg
DA:1774,1,DkOT+8/vYEZLLHAcIGe8Hw
DA:1775,1,iSEkBsj5OBrbLRsY6UXUTg
DA:1776,1,hyS6yes0N+J9ZzStSUdm1A
DA:1777,1,oYKyDFursgvLbIM6d+QBkg
DA:1780,1,ktkR3NCvNLFUAsf+fOmAig
DA:1782,1,4yDjZhy8d6Sa+pxB/JsdhA
DA:1796,1,gSunHxsg0lGA24Drksj3IQ
DA:1797,1,rZ38ihup93j0cUqpMQhbig
DA:1798,1,DkOT+8/vYEZLLHAcIGe8Hw
DA:1799,1,WN4cXYYD1KN9E/IKo6tx9g
DA:1800,1,hyS6yes0N+J9ZzStSUdm1A
DA:1801,1,oYKyDFursgvLbIM6d+QBkg
DA:1804,1,ktkR3NCvNLFUAsf+fOmAig
DA:1806,1,0Q2fPF83oSead1ZkZC9KRw
DA:1818,1,gSunHxsg0lGA24Drksj3IQ
DA:1819,1,cZvGJ80rYc+UFehQJXG7TA
DA:1820,1,DkOT+8/vYEZLLHAcIGe8Hw
DA:1821,1,hyS6yes0N+J9ZzStSUdm1A
DA:1822,1,JDisqZPrmV2sY8Jwz02tcw
DA:1823,1,oYKyDFursgvLbIM6d+QBkg
DA:1826,1,ktkR3NCvNLFUAsf+fOmAig
DA:1828,1,ZfwoYw/ELMxt1ucqvKGFEA
DA:1861,1,QdXKprAuU5zivqiawZg9xg
DA:1913,1,+KsE+z0zJUAn2ttJzcV7tQ
DA:1914,1,nFeRL/eR0Ps+2PX19qvX3Q
DA:1915,1,LdVuCcqcpkA7sepsyOAfyw
DA:1918,1,QHXyZWUViSh7qeAjAOG+Dg
DA:1919,1,gSunHxsg0lGA24Drksj3IQ
DA:1920,1,cHfB7J7xBaPXpPMF6Yv8/w
DA:1923,1,bk8GmKzb3iNQ+FhndXz+Lg
DA:1924,1,DkOT+8/vYEZLLHAcIGe8Hw
DA:1925,1,hyS6yes0N+J9ZzStSUdm1A
DA:1926,1,oYKyDFursgvLbIM6d+QBkg
DA:1932,1,PlvzdtsgA8oJTzl8JtlVEA
DA:1934,1,nkgp9W+74ZR5Z6sKCF1ojA
DA:1952,1,+KsE+z0zJUAn2ttJzcV7tQ
DA:1953,1,2dcg+JA+/KiEyGHJl9Gi7A
DA:1955,1,ynZitfIhtWMkOv8GprdvWg
DA:1956,1,hyS6yes0N+J9ZzStSUdm1A
DA:1957,1,oYKyDFursgvLbIM6d+QBkg
DA:1963,1,PlvzdtsgA8oJTzl8JtlVEA
DA:1965,1,CMBbKG/f4ZXJVmAdISGTrw
DA:1995,1,+KsE+z0zJUAn2ttJzcV7tQ
DA:1996,1,2dcg+JA+/KiEyGHJl9Gi7A
DA:1997,1,ynZitfIhtWMkOv8GprdvWg
DA:1998,1,hyS6yes0N+J9ZzStSUdm1A
DA:1999,1,rPc/IeXff1fgcivtglIUXw
DA:2000,1,H/Wj/rlLH/o18VEqcriJXw
DA:2001,1,imIf85nqmauElGypwXCe0g
DA:2003,1,TjnaLbymIT5ztYJVU0guSA
DA:2004,1,ncv721zjR9MA3ymlk71MnA
DA:2005,1,PlvzdtsgA8oJTzl8JtlVEA
DA:2007,1,uD3MHLKjBjjAE862k8g+xg
DA:2030,1,+KsE+z0zJUAn2ttJzcV7tQ
DA:2031,1,2dcg+JA+/KiEyGHJl9Gi7A
DA:2032,1,ynZitfIhtWMkOv8GprdvWg
DA:2033,1,hyS6yes0N+J9ZzStSUdm1A
DA:2034,1,AuWEvA3fjMHkyhzGZpfc7g
DA:2035,1,Gh6TJ1Jzry9ckeVfemmwcQ
DA:2036,1,yjElI5VjOWgPsdaOezzk+A
DA:2038,1,iXN6k8zwY8wXArV2uRF7GA
DA:2039,1,NSPDtPhom0st4651hsXoeQ
DA:2040,1,PlvzdtsgA8oJTzl8JtlVEA
DA:2042,1,Sl6pcx2SigbXjf8fG/Q4zg
DA:2110,1,+KsE+z0zJUAn2ttJzcV7tQ
DA:2111,1,2dcg+JA+/KiEyGHJl9Gi7A
DA:2112,1,dDKzpw6bAL6SzuouY9b+IQ
DA:2113,1,oUs2AtdmJ4GX0mfGQE3AVw
DA:2116,1,4gE+8NF9IpaluShqthNMRQ
DA:2120,1,hoSSR4B94CVwyg7kU+Momw
DA:2121,1,EPl0Eesa2+EEXY3SoqKjQw
DA:2124,1,u3fPa06jqlEhWFikXmpHWQ
DA:2125,1,KdpyUn3gnn6nWCvyBnQZlw
DA:2126,1,WDqc2G6pEtTucr42X/LQxw
DA:2127,1,aVk4G0lk0QQMz2CVWlhgsQ
DA:2128,1,uD+lGO55Ba31BARz048Y8Q
DA:2129,1,hD9hYvtub8eRXHJQ8h+80g
DA:2130,1,HXeeCKCgUAyWPfRvlSjQeQ
DA:2132,1,hyS6yes0N+J9ZzStSUdm1A
DA:2134,1,oYKyDFursgvLbIM6d+QBkg
DA:2140,1,PlvzdtsgA8oJTzl8JtlVEA
DA:2142,1,0btFTr9D9BDy2SOoJkSx1g
DA:2170,1,u1/kO3dCZLzHVyAzV2KEIg
DA:2172,1,fdPVft4Y2FBcI0z1mD1PtQ
DA:2200,1,fcN6Rskl88vYud0LaUp7DA
DA:2202,1,bD40T/3pw+c8d9c7wy4XOg
DA:2230,1,A7ok44oeaHwobvTHMQUdOw
DA:2232,1,T1VR/rH7hDlDmfxliq9vmA
DA:2279,1,ycnQL9/Oo62rzWXUaITBPA
DA:2307,1,Za0cQcAGHZ7xfXti+2yZJA
DA:2309,1,97cUBDBop91Ob5+PJTLJGw
DA:2321,1,/8psIGmV7JSHSkyvHh30mQ
DA:2323,1,64T3TagBoCIqArdagf5C8A
DA:2325,1,evybWsFZXKY27RKV5lZSPg
DA:2327,1,oYKyDFursgvLbIM6d+QBkg
DA:2341,1,255Umejb6HXd8hmuokLZ6Q
DA:2343,1,YrJWMnXweL09/YVZzck0RQ
DA:2344,1,3gPYoh5pm0eBC7PSGrQoGQ
DA:2345,1,1hYbf66O7MI2i6oe7N6hDw
DA:2346,1,Qn1XDqA57ogb9nUEqXjBfg
DA:2347,1,2N+VL0WZwrcKWPZgTZT/+A
DA:2348,1,M+dz9OPHoyYiIKpXW9NQEQ
DA:2349,1,U/ZceDNQ3uULsnBflLwl2g
DA:2350,1,KlOajgl0bjNZYgOdSylnoA
DA:2352,1,YXupJX/bxxmRqGwi9Fmu9w
DA:2353,1,KlOajgl0bjNZYgOdSylnoA
DA:2354,1,SABWSR46WcthLJu3f/mXOg
DA:2355,1,6gdJfHn9tzAU3br4uWakGA
DA:2356,1,4JnZLiPMD4U8C3iptcQUmg
DA:2357,1,QGkPdmyMvnejJAtj8rJM5A
DA:2358,1,vTHQwB95it9ETsTQCbHqCg
DA:2360,1,4EMNzv1ZvrzhXBmgrN/FHA
DA:2362,1,gUM9Aa7eTglu0cO0NiJL7Q
DA:2363,1,o5tMkVFMBsfzuEitDRdswg
DA:2365,1,GJPDQGaguJwOJmbL3MX44w
DA:2366,1,Afd4W1HBu/NPIPpmT0W23g
DA:2368,1,aLO4mh4jdTRyoLeCa5v96A
DA:2369,1,QvpylRV/nSZumiYlpR0laA
DA:2371,1,LsZ+fAoV8jIOXTo0X1AJZA
DA:2372,1,DN5WGyasGmMYKoO38ohF6A
DA:2374,1,X115G4CwmLkek13LoY9EUg
DA:2375,1,6rAN1vc9i3VMTJpreDjdiw
DA:2377,1,/NbbjsrcaM7Pn11SM3gHDw
DA:2378,1,63v3lJgimW4zo/4e3T1mEA
DA:2380,1,vVFn8gfgbtBQpE/xRCzT7Q
DA:2383,1,HRwfz2yxQYX9uTyrlkA5Ww
DA:2384,1,4z9VapLWsCq63VW55p3xRQ
DA:2385,1,ijtdfStAtv77uPzpu1ZonQ
DA:2386,1,+aBsTWI+vi006YPH8wFUiw
DA:2388,1,fqmPXvfWV9O9xIVcuxfGtA
DA:2390,1,2HczvnKCOy6FuxHoSCXJog
DA:2391,1,LGQmKctfDxkNMAV4NZNe/Q
DA:2392,1,znL8jw4esLAqqOa9f1Hl0w
DA:2394,1,IKMjX+r//nn0accZhUHV2w
DA:2395,1,9Q8qFw2A0/YcGO92RGY2CQ
DA:2396,1,mNgbwxZM39NEv/gbaXnKGQ
DA:2397,1,2i/SCmOcTCZXf0H3lvZmjw
DA:2399,1,wn9wkS5TY3Oj5QBG8GPW3w
DA:2401,1,cXQW4oGn5rynUAzHbHPDwQ
DA:2553,1,+INTUNAPeyT8d6ZhcqKKzA
DA:2554,1,iRVFx1JHKRFFB61Fl31GWg
DA:2556,1,+KsE+z0zJUAn2ttJzcV7tQ
DA:2557,1,9cNjDrSjeW1L4rpSS/5V6w
DA:2559,1,V/luWNVcAIfqkMyJBdPQAw
DA:2560,1,XQmZqeg9zSAianNi6ZUyAg
DA:2562,1,BD1rplptyvrnRjXMs+D4xw
DA:2563,1,x2tn2MiFqk2KI9oW3Q/NYQ
DA:2565,1,UgfKXLs3P4wRZKLl554MaA
DA:2567,1,l/PcmM4LGDFvVEPGk3nvcw
DA:2568,1,mNFdp1dts+z5zI5JmTxPJg
DA:2570,1,LYZ6vYAdho7cNybH7IAJTg
DA:2571,1,hyS6yes0N+J9ZzStSUdm1A
DA:2572,1,oYKyDFursgvLbIM6d+QBkg
DA:2584,1,PlvzdtsgA8oJTzl8JtlVEA
DA:2586,1,DYMohz+402m13y/079hTJQ
DA:2693,1,+INTUNAPeyT8d6ZhcqKKzA
DA:2694,1,iRVFx1JHKRFFB61Fl31GWg
DA:2696,1,+KsE+z0zJUAn2ttJzcV7tQ
DA:2697,1,YKimdyi+oXf78BwcvxhfMQ
DA:2698,1,9cNjDrSjeW1L4rpSS/5V6w
DA:2700,1,V/luWNVcAIfqkMyJBdPQAw
DA:2703,1,BD1rplptyvrnRjXMs+D4xw
DA:2704,1,DpH1T9nkIuNizAlzr4Lpqg
DA:2706,1,UgfKXLs3P4wRZKLl554MaA
DA:2708,1,l/PcmM4LGDFvVEPGk3nvcw
DA:2709,1,mNFdp1dts+z5zI5JmTxPJg
DA:2711,1,LYZ6vYAdho7cNybH7IAJTg
DA:2712,1,hyS6yes0N+J9ZzStSUdm1A
DA:2714,1,oYKyDFursgvLbIM6d+QBkg
DA:2726,1,PlvzdtsgA8oJTzl8JtlVEA
DA:2728,1,85/z6VzU3v0SXSBSod+RhQ
DA:2729,1,v+PR2LOWC/1MhBMfegOKhA
DA:2730,1,IZ9bTemq9O3NfcPa47kv+g
DA:2731,1,vOwE4rgGh/eucdEjznpwvA
DA:2732,1,oZPht0SIwNi7QWo5FyuEqQ
DA:2734,1,RGycYFr5wF3WmKpadiMGbg
DA:2736,1,fM0V/pIrg/ivLEcdeDIaAQ
DA:2737,1,KkALs2Lb0RzJa3zfs7/N5g
DA:2739,1,1OqebPPOCpM/cj+fNcTmkA
DA:2788,1,hyS6yes0N+J9ZzStSUdm1A
DA:2789,1,hzXFjIu/lKVD7UHsztj07Q
DA:2790,1,+KsE+z0zJUAn2ttJzcV7tQ
DA:2791,1,sdSC4VYtiOvMVF2b1c8tQA
DA:2794,1,q2mnRxDzDr4N6Q2LMrihXg
DA:2795,1,toxtuJrLh/Jxld0913cdqw
DA:2797,1,ynZitfIhtWMkOv8GprdvWg
DA:2799,1,oYKyDFursgvLbIM6d+QBkg
DA:2805,1,PlvzdtsgA8oJTzl8JtlVEA
DA:2807,1,r3k2kCVZf4UurJAWR6EmVA
DA:2902,1,RXiOZiviWSraA+y47lFqWw
DA:2928,1,wNEFP+Zg9JeyMIQnoh1cmA
DA:2943,1,B8QbgHtmfjdPe34pqr8ByQ
DA:2962,1,T/QPBlNZAj8WQf/XSqyWgA
DA:2963,1,HOONBTrGTwSEyfRg1HT6HQ
DA:2967,1,BO+cQ74EkpvEtXJ0bbHDEA
DA:2968,1,QiFFglqVhhHOjGki4AFmQQ
DA:2970,1,2nGaetNYw+w6XkuyNey+1g
DA:2971,1,kROD/wjBIcVLWHuJmp8zEg
DA:2975,1,TZ16wDD9jfR819deggZ5/A
DA:2978,1,vg05tnq3Si61xtBt1Rw7lg
DA:2979,1,dbKAWCxvua0je/cxCCTRKg
DA:2981,1,iLjAQA+rjwoNSGrhg2QPbg
DA:2982,1,XkeFOozw8U9VHStuvw2+Lw
DA:2983,1,2jMJ8iM6HGiSS3CyP7pAEg
DA:2985,1,wNvUbcQEHx7qND4p2kxAKw
DA:2986,1,pYBeJOI7QNIcK6ks/QGvAA
DA:2992,1,Rq9m3cfzSKxIxDpf72XFHg
DA:3005,1,WNd/Ze+8bVT7PcFHgEOmgg
DA:3020,1,wNEFP+Zg9JeyMIQnoh1cmA
DA:3021,1,w11v+iqh6zfrTj/YAkdRcw
DA:3022,1,hyS6yes0N+J9ZzStSUdm1A
DA:3024,1,oYKyDFursgvLbIM6d+QBkg
DA:3031,1,Z6dsAQ3DQlUeLzErc31VIg
DA:3046,1,Di+9ow/3GLya52yOPwSE0w
DA:3047,1,WT79n1Uv8qt2TuO0LBV4QQ
DA:3049,1,hyS6yes0N+J9ZzStSUdm1A
DA:3050,1,oYKyDFursgvLbIM6d+QBkg
DA:3057,1,2KIbA5S3EbUIyNfoS5LnUg
DA:3090,1,mD5ySUO3k8d+i/4hI5V/0w
DA:3091,1,m/Di65M5/LE+zFVRZN+zNA
DA:3092,1,05qbdBWffYPfOX3GGfM85g
DA:3093,1,KL9mIZ/NuiUwA4CUQfOQ/w
DA:3095,1,hyS6yes0N+J9ZzStSUdm1A
DA:3097,1,oYKyDFursgvLbIM6d+QBkg
DA:3104,1,FGnEhlYOluEAGRQlh1sclA
DA:3106,1,MMiy8F+WnY+uE2bY59nghw
DA:3216,1,hyS6yes0N+J9ZzStSUdm1A
DA:3217,1,JiYXzV5pavwyQyCRZl2tRQ
DA:3218,1,Aa6wQIVN4czZBOGU46I7Dw
DA:3221,1,2GEpAXA2pMPnHN8hLDw9ig
DA:3223,1,Kq+2Sa6rppvIh0UuXFz87w
DA:3224,1,rBymnVSTXBY6eR3jueAx/g
DA:3225,1,0Bgd374DbpQKJqOZAOPjFw
DA:3226,1,VkrIPu1Qh67dXDYiU9C9Tw
DA:3229,1,EZPsq4bNsRByfE6Aa8dW/w
DA:3231,1,BvX6dgGvyE6sU5IeRHjaCQ
DA:3232,1,9+Dr3wHjT7N8noLTh/wN1A
DA:3233,1,PzwE0zc5Cv96H3sTnu63Yg
DA:3234,1,oYKyDFursgvLbIM6d+QBkg
DA:3241,1,jXbtIy/A3lqxep6PT6GUMQ
DA:3242,1,QiFFglqVhhHOjGki4AFmQQ
DA:3244,1,SUNjLAaiy9FMfV7y8XwB7w
DA:3246,1,mQa1V4L1P5BxhuS4P9+arA
DA:3247,1,t9afdA1kQgWUmMun4nXTqw
DA:3250,1,dbKAWCxvua0je/cxCCTRKg
DA:3252,1,PlezXjbCGLpd7lZehiPG2w
DA:3253,1,acNI8gFxWh8JfVPgByStnw
DA:3255,1,TItkwXtVQp9AUO1zD38MxA
DA:3256,1,LyRYBTs0Ub+zqAZx1q+cHA
DA:3257,1,t9afdA1kQgWUmMun4nXTqw
DA:3259,1,mfzDFuK0zLOCYAL3qoSEAQ
DA:3260,1,LyRYBTs0Ub+zqAZx1q+cHA
DA:3261,1,dbKAWCxvua0je/cxCCTRKg
DA:3263,1,dYzjmYIT7L/r5j4z7KdC0A
DA:3264,1,acNI8gFxWh8JfVPgByStnw
DA:3268,1,V84OaLUrDjx9gIX6iRSpgA
DA:3269,1,BqckAHuhhRxrH16Lu+iIjQ
DA:3271,1,WfSPg77u5dmdNRcXvFl9Sg
DA:3272,1,MnzpXe1veqpfA7nIMRo0OA
DA:3274,1,ZINLCMSOrOQLIpnE2+zLTg
DA:3275,1,dbKAWCxvua0je/cxCCTRKg
DA:3277,1,iLjAQA+rjwoNSGrhg2QPbg
DA:3278,1,XkeFOozw8U9VHStuvw2+Lw
DA:3279,1,2jMJ8iM6HGiSS3CyP7pAEg
DA:3280,1,eOpitwZOoqc+bELhyLwNzA
DA:3281,1,O59O9g5LklXxVD0Ymtng7g
DA:3282,1,MnzpXe1veqpfA7nIMRo0OA
DA:3284,1,8rUE5Gcgc3VgamqMhABT6Q
DA:3286,1,SUNjLAaiy9FMfV7y8XwB7w
DA:3287,1,6pGjjL4q7izuhmKYv+eRYg
DA:3290,1,MnzpXe1veqpfA7nIMRo0OA
DA:3292,1,rGIrgPjuli7UF0ZACPAuRg
DA:3294,1,SUNjLAaiy9FMfV7y8XwB7w
DA:3295,1,Han1OnjiNQnE727Yn2MesQ
DA:3298,1,MnzpXe1veqpfA7nIMRo0OA
DA:3300,1,UZf7z+KxEW4RD8p7KVZ6HQ
DA:3301,1,t9afdA1kQgWUmMun4nXTqw
DA:3302,1,97duCvvrOMKDr92SioiqHw
DA:3303,1,LyRYBTs0Ub+zqAZx1q+cHA
DA:3306,1,uHU9jWXR+SlSRmKYrrjZww
DA:3307,1,LyRYBTs0Ub+zqAZx1q+cHA
DA:3308,1,iNnWOP3wJjR2+PW5WuSZ8g
DA:3310,1,5irrFJfhdkp73q/zviHxWQ
DA:3311,1,67ON9/z04568Aqw8qmWKzw
DA:3316,1,TPhI68HIHb7oNbZ9muW07g
DA:3321,1,HYLxmLxQ+ICkrBQ7ZDtcOg
DA:3323,1,xwrcGroCVu62iGoF60jHlA
DA:3324,1,xjcDBnSwra0OiNOAYAwoHA
DA:3325,1,EJQf4gGwm6NDUvbhSiHcWg
DA:3326,1,z1FY6hyPBCbZwMZY9KnRLg
DA:3327,1,QKkIBXeqwfs3tZJRwEXGRw
DA:3328,1,kycMaH6XbPuAfUpgfG1Lbg
DA:3330,1,ihNkouaj4rkkxjgXpgdjtQ
DA:3343,1,xjcDBnSwra0OiNOAYAwoHA
DA:3344,1,Fq/oYAJXU0bSgowJ9YjI4Q
DA:3345,1,QKkIBXeqwfs3tZJRwEXGRw
DA:3346,1,ZhruFp8DatBWEUm2/xLgtg
DA:3348,1,n1X61pRzk37XeVNXVJf8nw
DA:3353,1,J7AqdSGy8ySTIzIZXvcCuA
DA:3355,1,lXykcfS81SgOaXNZLn6QyA
DA:3381,1,dq3UXhIdfO0t7Ma+gZxQig
DA:3439,1,HQDt8+zfpDotER6s6mqFuQ
DA:3443,1,cX+qW5GgBD5QD/eYsjQhug
DA:3458,1,+P0lTnS8993bQK7+hORknQ
DA:3467,1,ym509ZvGpWR2aX2zw/YdEQ
DA:3468,1,4k26pY98OGtqWTupY6DOaQ
DA:3473,1,VFTgGJJrSJPg6IUzR1koEg
DA:3474,1,ZJorog5ZZitj5dVQeXAItA
DA:3475,1,DUfoMJfjAWk/tIX3rGYYFw
DA:3476,1,bGktFTsJ48nrIAuhninPMA
DA:3477,1,vgUhJd21qZuihtHvLvOnKw
DA:3478,1,dAUqU4oThhedO/KPNS79oQ
DA:3479,1,wZgv2TVJq1gGaTyyrqynYQ
DA:3480,1,TH4nxyb+PTnruFGdd8vEeQ
DA:3482,1,cPa3dAsIk+eSRfSpgwNsyg
DA:3484,1,j+CcxAIEiLeqjzkbiEHnZA
DA:3485,1,Z70unAEE/AAsb4KbdA5aeQ
DA:3487,1,leWPu3a92U46XgI3/MVg5A
DA:3488,1,vNxNTeMxQoGy/x0KpeEaXw
DA:3489,1,ajnVcbsmWutNtlK8XkhK+g
DA:3492,1,8Al1L7NGSci8+dhQXMyOvg
DA:3494,1,Nnqu9X+lU2lagW39QNhFWA
DA:3495,1,byMQ46Yrs0yn1Xd44BOouw
DA:3516,1,2dDuDxRgMqeS5q/r8xf7yQ
DA:3524,1,KJX8fqgEP3yLhhIswDnzwQ
DA:3526,1,Guw58tjXC05xkUUGx4Ff2A
DA:3527,1,NcLWoZ4JcCPBuGls5J+9xg
DA:3530,1,LwI1fqsC+nEr/+TniJQv8Q
DA:3531,1,03nWpcmDVsMLu9473KrNoQ
DA:3532,1,njCZzEMKNFMsR4U3dHP7lg
DA:3533,1,45gTrHa7BPpMK7bc58DGpw
DA:3534,1,F8bkuDS4IXLdy3Pft8NavA
DA:3536,1,OwGps1ddNklEs5jsHD9Ztw
DA:3545,1,0EY78z7pOnootlh9yQkPiQ
DA:3546,1,9YJbGFCY3SfxVKldEzK1nQ
DA:3548,1,WNJM9qX2wdGXg7vKhZ5i9g
DA:3560,1,l0zeOa+4LNHY8SgeC6hczA
DA:173,0,bIDYamWPnjA+mRWmGWw5BA
DA:177,0,UZxcfq1aG8basotnbtkjvA
DA:178,0,eBbiZkzT5m790rz9VVRlWw
DA:179,0,nqkIl2gtCaM9coDozcnUjg
DA:221,0,NSnzFa8RgenIgpTeFImLzQ
DA:223,0,LUyKsJ890SQCjsN0wN4jUw
DA:261,0,xeRQBuEoEV058tae9MBsmA
DA:262,0,NSnzFa8RgenIgpTeFImLzQ
DA:263,0,5yr5YroJyf1mkQ7m4viIhA
DA:264,0,LUyKsJ890SQCjsN0wN4jUw
DA:265,0,0RdCqqkQjmM4pBBsmBQwQw
DA:266,0,f6GnTCi/1k+fws4EMdsERg
DA:316,0,gyHL/ha9yAnIQmPFyMWb9A
DA:318,0,ChlmkG5flePABO4ButOgjw
DA:368,0,khbfU6LE3pvdFSFDnCz1kg
DA:369,0,8JwURTqRzDit8fobaCyH7A
DA:374,0,ZfVriZ2kBAvmm65hhvRQlw
DA:375,0,s3ePSwTt/s9yq6TW/jbOoA
DA:395,0,BGRALmBuPIo1pWMtfJ7pQg
DA:397,0,wRfc99KCBnYVg53Baq8cEw
DA:398,0,bABzGBpWi9A0iMExYVy90g
DA:399,0,/Om2B2NfWIsSSfh2F25bQQ
DA:400,0,FYehz7/tySfjqRjVIulgTg
DA:401,0,xZL44J6ZnMyKFR38v3wi/w
DA:402,0,W0aCDXRCrpIN6JLbom9Vzg
DA:403,0,uWPOg1Z8prTrBNlN4x9U3g
DA:404,0,oJrzx4V5gkQMU0NK3QlrTw
DA:405,0,ikfy1kQrWUylPsYiq13vLw
DA:406,0,nQMH74v8ZwDUUivPkS4TeA
DA:407,0,njJkNUeYoO60W9byz/jjFg
DA:408,0,ixvEip9s+3AFmbJ/f8E63Q
DA:409,0,UqihrK3mOzbhlZ3OgZ0DdA
DA:712,0,3xEwcW/Ebnbk1CV2Gdb5qw
DA:713,0,GGwWRC4AzdnavVXdo+Ew7w
DA:714,0,Kd+AymRubH3hEb+hqhqjUQ
DA:752,0,McvDwBQjPPi15dx4uLkPOA
DA:771,0,PkSukA64gxwujcUDrBZAnQ
DA:933,0,McvDwBQjPPi15dx4uLkPOA
DA:1052,0,rOiGKW+pI7PNZH9nhhXtVw
DA:1100,0,mG+Mp/zmfsGieDylC8U5Ew
DA:1235,0,QtEeBVFV84cia96Yr5s+RQ
DA:1237,0,MCouOGPv6GdnJsSh4gbC/w
DA:1430,0,kycMaH6XbPuAfUpgfG1Lbg
DA:1519,0,4t+FeBl+bIiZhP8JDCPbEQ
DA:1529,0,LKwjojQGedFIHmPRbjCTEA
DA:1557,0,HAStC50NXYsIoKqEaDMP5w
DA:1567,0,kX+bADsLoywg5UwF9cqkTw
DA:1595,0,zJu4aHbrn0/MgttUYCwkYQ
DA:1605,0,EHI8n0ku7Dzks8BmcrPLlw
DA:1609,0,xjcDBnSwra0OiNOAYAwoHA
DA:1610,0,qpmoFXsMI8ftqJaEfOlR0g
DA:1613,0,g2VHm73ypAH2lwzi1b67Wg
DA:1750,0,+pEZUIaW3IJkzCW4p0zdpA
DA:1751,0,CitvIVveX37DiCdtvV1aAw
DA:1752,0,+SHjBFyF0/D925Hw0FsxzQ
DA:1753,0,mG+Mp/zmfsGieDylC8U5Ew
DA:1754,0,hLxr2kuqpfekKxBee027Jw
DA:1755,0,NJ3h7Bi4kYsfKMFlWxbUUQ
DA:1756,0,z0ZaY6a1cuLOhUzaUdrG8A
DA:1757,0,cPa3dAsIk+eSRfSpgwNsyg
DA:1848,0,gSunHxsg0lGA24Drksj3IQ
DA:1849,0,ZM/8S6xsz/R50VR6Nb+ckQ
DA:1850,0,icDERmcquK6sTF0PpqMJhQ
DA:1852,0,4ltmIjcYXfGVudurQKXNrA
DA:1853,0,DkOT+8/vYEZLLHAcIGe8Hw
DA:1854,0,ktRv/aA+oEaM6ywdUVcIiA
DA:1855,0,1/FWirQmNJwBlUC76cszeg
DA:1856,0,oYKyDFursgvLbIM6d+QBkg
DA:1859,0,ktkR3NCvNLFUAsf+fOmAig
DA:1917,0,yexU8memW3ET2mVqdyYF+A
DA:1921,0,NcZeC0BZelVfRPHlLJWjXQ
DA:2114,0,zTftOaLPI1bpqOMIDj4xew
DA:2115,0,qeZWjGD3/57K3E1n4M/Tqw
DA:2117,0,zTftOaLPI1bpqOMIDj4xew
DA:2118,0,Ki5k5DV0GoVRpUeN7EXx3A
DA:2122,0,VohOKQuj6Umb2c1XIozUIw
DA:2265,0,imyJOENPUA0WMTXwEYjNFw
DA:2266,0,d2Sc3sJ90K3yPue2Y5Z7WQ
DA:2267,0,iDTHWFAcYSR+WfeKaiXMXw
DA:2268,0,YcFAtVc/w16XlPGiGcFipg
DA:2269,0,UhbklVPUVE6CMQbEVmbQgA
DA:2271,0,a7jSSZKG3UJSOVPPg0QN8A
DA:2272,0,0pZtKK0sk8+ka9pTWQhc0A
DA:2274,0,8hkTQVzARQSFDOuGnZRZAg
DA:2276,0,WiSy2Ojxp7pTaJyBgyNyUw
DA:2277,0,J0XTFsr5s8O3VnG6hdSPNA
DA:2393,0,tMt5qq2z6oR9CBWoRVufvw
DA:2558,0,rOiGKW+pI7PNZH9nhhXtVw
DA:2699,0,rOiGKW+pI7PNZH9nhhXtVw
DA:2701,0,XQmZqeg9zSAianNi6ZUyAg
DA:2873,0,z6/gpexuG5gS9xh8VRrEvA
DA:2874,0,hyS6yes0N+J9ZzStSUdm1A
DA:2875,0,2BDq92bYlg/nWZw/DH8cZg
DA:2876,0,n/4oSu4zVNaHKkwehQkujA
DA:2877,0,/f9GmxrlDfj1rwXj9m8M6Q
DA:2878,0,RE1+QBQIybW3UgioAH2CwQ
DA:2880,0,SZ/lvdoJgOXmO030FDQQ1w
DA:2881,0,mbm9iWwXIVWfJGDLASTBTw
DA:2882,0,PPjZWh7fD29/qGKLKCpKWQ
DA:2884,0,yvoAI+XYgI+WHw0a6cyfrw
DA:2886,0,qXlLaohNeXDoEwwYSK94ew
DA:2887,0,AvhE6h+yR0GMbwvnbd4Tuw
DA:2888,0,FWKspUGec4y96xsmweK4Xg
DA:2889,0,wyazOBWN3ASCJg+l0CpucA
DA:2891,0,+KsE+z0zJUAn2ttJzcV7tQ
DA:2892,0,BmtAAiqlsLcCqIfqzXF/jg
DA:2894,0,oYKyDFursgvLbIM6d+QBkg
DA:2900,0,PlvzdtsgA8oJTzl8JtlVEA
DA:2929,0,+KsE+z0zJUAn2ttJzcV7tQ
DA:2930,0,Y5hZw5vOkvGFoYcC+xsdow
DA:2932,0,hyS6yes0N+J9ZzStSUdm1A
DA:2933,0,w11v+iqh6zfrTj/YAkdRcw
DA:2935,0,oYKyDFursgvLbIM6d+QBkg
DA:2941,0,PlvzdtsgA8oJTzl8JtlVEA
DA:2973,0,8y2JEKqkaGyoOYQK7CNXDA
DA:2976,0,4pRQ1tAnhzB/EWpaxtCchQ
DA:2994,0,8rUE5Gcgc3VgamqMhABT6Q
DA:2996,0,57dlXEFJ6BEEOSsqi2JsTg
DA:2998,0,rGIrgPjuli7UF0ZACPAuRg
DA:3000,0,UGY8W3d0P9kUijphIoHBlA
DA:3003,0,h4nB8a6YlIw/hveP8AJrvA
DA:3219,0,GyfaaMjhH9opgePjT4WGCw
DA:3227,0,/zujupU/arjxTWGJktKhDA
DA:3249,0,nKm2JUyUTGzsWsk7u2tKog
DA:3266,0,yuWQLZ7KEiyE/befpQmb4A
DA:3267,0,LyRYBTs0Ub+zqAZx1q+cHA
DA:3289,0,97duCvvrOMKDr92SioiqHw
DA:3297,0,97duCvvrOMKDr92SioiqHw
DA:3367,0,Aoo/usfZavx0EYbN8a8idg
DA:3368,0,Xvh95gIKrYA19eJTapYmaA
DA:3369,0,1PqwyX4/w5BarMbwWszUyQ
DA:3373,0,Curlnu9HjG/wiTVkgrDptw
DA:3374,0,sOKSvRGlVTGL2+nGtvWZPQ
DA:3377,0,q9x5AVTZooYyHeOM+PPJBw
DA:3378,0,ys6+VwFLJo3kPbwhFlB4mA
DA:3379,0,kOfXoxtaBOrjGeUrvMNR5A
DA:3414,0,EkU5Xc2eE2T5XUBcrF/zow
DA:3416,0,89B5c3u25/z6Hu/IK79YBA
DA:3437,0,IT8W0LmfdnEYGMe2sHHxgg
DA:3490,0,6TZL71VO5D41yb2D+sorjQ
DA:3504,0,/BQInFbvetnPImu/Y9+ofw
DA:3505,0,E+CBLr2QWw9F6wYopAeGpw
DA:3506,0,FmnAbtGL5OvH57+zQXqn0w
DA:3507,0,asdqgn3FmSZnv+Pin0Efrg
DA:3558,0,tQ4yPeFrN86Lllt8NWaIgQ
DA:3580,0,eF9w7hHJCD/AO/KCN6/XcA
DA:3581,0,nprBZyLXj+lY94jy3PInnw
DA:3582,0,9urXxgQum5HEXLFBR9qvaw
DA:3583,0,GpgH9qQX+m1AKCCHpNeotQ
DA:3584,0,0JRfbtR2PSyh/yNeD5il3w
LF:885
LH:735
end_of_record
TN:
SF:pygraphblas/monoid.py
DA:1,1,7NRA9SVz9hKEam+d7fQ6Qg
DA:21,1,6jVicjrkkzjtQG5x6xf2Aw
DA:23,1,7Z9Lj4ed27Wf2hBX6jooEA
DA:24,1,mUDsnWRiqW9R9nTILGKIZg
DA:25,1,p7hNY1S5rX9QtYADf+cK4g
DA:26,1,oYkJdzNwcpMghjWlEFRTgA
DA:27,1,WpCPBvv1Za7VaefPGMuZDA
DA:28,1,qLAaloR/f+XZxG5VcyqNzQ
DA:30,1,xqT+e5U9vC9mOCSBrjorgA
DA:31,1,E2RSfPUjmNR4SKwA967i5A
DA:32,1,EEVO42j8sSE52hY21St2LA
DA:34,1,GchkhJL5DrwFb6Sbrf3Kpw
DA:37,1,R5lJhP39mnsmlJNgbouohg
DA:39,1,uxPk0mrhJRNEXAYujj/vNA
DA:41,1,zMSLQfsng7ZTOEIgx1laug
DA:42,1,rVrKwaBbzd7fSPwuO/stzg
DA:43,1,xLqX+AqPDUTdY3O1qX03tg
DA:44,1,+LzT6tR60NbrbuYpWcHczQ
DA:45,1,AYTeCgHlj86ioP4/9I57ZQ
DA:46,1,337HgoSVerx27fxrPhVW/g
DA:47,1,W6tFbBVA8R6FkBVEjXGDDw
DA:48,1,KwFPvokw2OkFjriM9Aq+Iw
DA:49,1,bwItN50qQ+Ws7bDXJ5H4lA
DA:50,1,k80XrkQB/MfuWzo2J5IiEA
DA:51,1,TW2+8VkkVItldcvQeF6kLQ
DA:53,1,mnoV0T4hEkr2W8HjAfJidA
DA:54,1,az7whlRgstpBYdfDw0c5zg
DA:55,1,ackOWdJx2/IgtB/ELuvQJg
DA:57,1,hcjTEbvxDmxykummqqk3Lg
DA:58,1,H1CWOkqsuyTwLgx3eJLGjw
DA:59,1,W/g8GJDAYJkSSurt59Mzfw
DA:61,1,M/TXF178ahPLmgvuauULIA
DA:64,1,tPaIAxSVHAhUpn6uqF7j2g
DA:65,1,dL8j4+o6rhYkWs0w0RXLWw
DA:67,1,N+39SwBgkRVfEO45b9GsCg
DA:78,1,ld9yseec1/Jk6P4E5VVZYA
DA:81,1,kHWglLIIrgNzPzCG62thAA
DA:86,1,lwa4s+4MobUBGEn4BVbrlw
DA:91,1,WBtjCVqT2t9y20GOu+28WA
DA:92,1,z5sF8sas99pqXoz4SNGmEg
DA:95,1,29QFVPMiYk3fB7hLs9GNLg
DA:96,1,K3GolG4RdOasX+xk9jYaEA
DA:97,1,pCFy0Lv1d+zKKSGhGvRNtA
DA:98,1,Q/8aaEl1CsnmO+hsoi+cMg
DA:99,1,F7MWdV93T1LCmupG1cUYIw
DA:100,1,iUL9kSQ+Mj3CkNnDh4Yy0w
DA:101,1,r9HjALtG4wnc5ffP7YBQNw
DA:104,1,ln8+6eN8kE/mDHsJLLbptA
DA:105,1,J04c0lI5ypvf83FIwgtaaQ
DA:107,1,ysUYokla7Ex95ucN+OhaVg
DA:108,1,NcIi1yS2HVX/rtDZwjdE2A
DA:114,1,jtxmX3gLurAowBwGwocwhg
DA:115,1,OIIFZCBKZ7B4zyl71xQqyg
DA:116,1,i+Fh53h2x90lZghXFuP10g
DA:117,1,QBvu8aVXnlfc9SduEuOZBA
DA:118,1,N4XDnYCz9qXyAlqDg2ciqA
DA:119,1,g1m9BqWezgsKJLHXvKizwg
DA:120,1,e1BzbMyqnSzXXfur6v7JQA
DA:62,0,tN70EOAN2XdOOxnzKRdPlg
LF:56
LH:55
end_of_record
TN:
SF:pygraphblas/scalar.py
DA:1,1,I6IevTulSDnRegpcRgEFnw
DA:4,1,DNhSByVJAdi11r7orhxqow
DA:11,1,8ZZsxWmYKzVvEpDXqSu1iw
DA:13,1,aVS7JqqXgG8UOOd1TLjEjQ
DA:16,1,RYJiK8+IgciN0eSF/6Lq9g
DA:17,1,xA+i2K/CYfFKMheDfNNpbQ
DA:23,1,LcYJ4JykXb+FWG2qakW0VQ
DA:25,1,D6NOTxx7nu+Xkcd7RJS4sw
DA:26,1,uhu4qMVnuaTm7BtFc4RqKg
DA:27,1,bwItN50qQ+Ws7bDXJ5H4lA
DA:29,1,goRP0jEKemAnZkdk2xCi6A
DA:30,1,gPT7Rtomf47KR215r9UUmA
DA:32,1,NhwiEFYxgSItKkKpG1x/GA
DA:33,1,pqTCtH1lIol+gbwHZ1v2nA
DA:35,1,789C3+9loJrgCLLleV7tiQ
DA:37,1,Ln3fre6Yz/O9jqPHwbAjjw
DA:38,1,W3X5kUaSaH5i0wEnoVO8DQ
DA:39,1,rw2ckkzUrgP3CJsBy9Ydtw
DA:41,1,Nnqu9X+lU2lagW39QNhFWA
DA:42,1,oNn24CRc1L5KssOdUqHCuw
DA:44,1,Ln3fre6Yz/O9jqPHwbAjjw
DA:45,1,0lyYW6k7/6U1PVk9bvZcbA
DA:46,1,Zxb8um/voXEjg8wnE83ADg
DA:48,1,Nnqu9X+lU2lagW39QNhFWA
DA:49,1,Hf0VboqevwnIsahhxGYhSg
DA:51,1,Ln3fre6Yz/O9jqPHwbAjjw
DA:52,1,rr8mGo6L9wdW1CiRdYBCLA
DA:53,1,0lyYW6k7/6U1PVk9bvZcbA
DA:54,1,U10aeHHsymB30P0hll23dg
DA:55,1,BTT4SKRCnvUx5cVMFmDEfg
DA:56,1,0YG1kEGauIm+0cSuSosQHA
DA:58,1,HmADa1g/W1C2Vo9Wm4sNNA
DA:59,1,q2+FcGhFt9Kh6eq4pQqw0g
DA:61,1,n5MBK7UkvB2AFNGjQoRcCQ
DA:63,1,9KxkZRtFQwuFRkFZnMBA6g
DA:65,1,Hv9BECpJHdw543oVm3fffA
DA:67,1,BO+cQ74EkpvEtXJ0bbHDEA
DA:68,1,1/FWirQmNJwBlUC76cszeg
DA:69,1,oYKyDFursgvLbIM6d+QBkg
DA:72,1,ktkR3NCvNLFUAsf+fOmAig
DA:74,1,jXbtIy/A3lqxep6PT6GUMQ
DA:75,1,oYKyDFursgvLbIM6d+QBkg
DA:81,1,n1X61pRzk37XeVNXVJf8nw
DA:82,1,YjwweG+Nzdql69Bw5hX91A
DA:84,1,HmADa1g/W1C2Vo9Wm4sNNA
DA:85,1,WozXwOPaSQZtREjcFImviw
DA:87,1,U8NYXcd7SN8S+7l1AWtJ0g
DA:88,1,mrqTYSLQiD69w2jGMlXRgw
DA:89,1,Kd+AymRubH3hEb+hqhqjUQ
DA:91,1,skUIIdb3R/cghhOO9LAVlQ
DA:92,1,zc9P8rhRi7D82izJTel2pw
LF:49
LH:49
end_of_record
TN:
SF:pygraphblas/selectop.py
DA:1,1,CdOXniFwRf2rfz79yfZKgw
DA:20,1,t7oL0mbfq113vnCD9R+1EA
DA:22,1,mUDsnWRiqW9R9nTILGKIZg
DA:23,1,6BklM1ManrCJqsV/koQGlg
DA:24,1,pNdwiMWHKhQdGEyfLrWuyQ
DA:25,1,hthqWrlFI8yUJO2GTICC6A
DA:27,1,ErLi2uLzTZl2ktspVsJe6Q
DA:28,1,EEVO42j8sSE52hY21St2LA
DA:31,1,5p/r8W3E1yzn+TN5W5ndXg
DA:32,1,f++7DymxIYe1qPb0MzX+iA
DA:34,1,jmjvaDrCAtB0U9G44+DByA
DA:36,1,UavrtqcWcr45QQ5slhLKmw
DA:37,1,BK+foMhfUltpwhLaXPLX4g
DA:38,1,nB536pC7rWc5Qkzp+upbFA
DA:40,1,tPaIAxSVHAhUpn6uqF7j2g
DA:43,1,N+39SwBgkRVfEO45b9GsCg
DA:57,1,6Rvqe/J6DdTwvk81O57XsA
DA:77,1,sAuk1caWcly2Amm42vlH7A
DA:78,1,ysUYokla7Ex95ucN+OhaVg
DA:79,1,IILxF1+h4MOR3RVbZFCY8Q
DA:80,1,CzmSjur2VzIlrkZ7OGb9Uw
DA:81,1,oWGb2QX5xUAyG+G/LGNU5w
DA:82,1,Gax079shXYjNLWhPCrqAUg
DA:83,1,ZFX76H4vg49ZB2T3xjDyxg
DA:84,1,oZr3Hfwk5PaK8ax74Bk9zw
DA:85,1,NEOG8Z6oQPOv0bWZVAUG2A
DA:88,1,T+o6BHUjV97RiZbIARr8Og
DA:92,1,dQAzNhcc+j1i7EkBxqA2PQ
DA:103,1,vrmyOwIeQBJzroASW+n0Ng
DA:41,0,M16YVWvVwKnOXUBaHH98DQ
DA:131,0,U87iEvG/JM18aK75HHHTsg
DA:132,0,+sJJOB72nGUAMWnPE1KQ4Q
DA:134,0,d2WCU5hRVxB2VcAtV36ehw
DA:136,0,uMzoygH188WHJLV30WQA5w
DA:137,0,lB5U+Eab+kE7BMKwCC0Hvw
DA:138,0,1nNjyfn0QoXHY32+8dJwEA
DA:144,0,RESMOjhal0V1VLUD3tNLyg
DA:146,0,nGsLcvNa3oBgwZwJGABQaA
DA:150,0,hpGp6zuECqy+vTVH6VzMvg
DA:151,0,HaAW4K1vJMh2N8My51Mr6g
DA:158,0,nSGydEolmpBZRg/s05j6SA
DA:160,0,O4f293Ye/3MvDtJcIrBk2Q
LF:37
LH:24
end_of_record
TN:
SF:pygraphblas/semiring.py
DA:1,1,QBg537z5M7IZOlBc6FFqrA
DA:14,1,mUDsnWRiqW9R9nTILGKIZg
DA:15,1,p7hNY1S5rX9QtYADf+cK4g
DA:16,1,oYkJdzNwcpMghjWlEFRTgA
DA:17,1,WpCPBvv1Za7VaefPGMuZDA
DA:18,1,qLAaloR/f+XZxG5VcyqNzQ
DA:20,1,xqT+e5U9vC9mOCSBrjorgA
DA:21,1,AGjqjwQqwpZNxbfr9b+JQQ
DA:22,1,EEVO42j8sSE52hY21St2LA
DA:24,1,wKASPFKHUrkOeL3EKUSPkA
DA:26,1,XxDRGGo2VHUWOxBy+3t0Cg
DA:29,1,bUShTOiaWkSEnKauFA3DNQ
DA:31,1,dOnG4Oh4qwlBfaneZkWpIA
DA:33,1,kjfufLkSD7MOE64NHaWoGg
DA:34,1,S5rObXRO9isLPCt5PDl5eA
DA:35,1,20tzmpOD25TllnnF0xCsog
DA:36,1,bwItN50qQ+Ws7bDXJ5H4lA
DA:37,1,TEjwrKHC+LQc1qG8zM7FFQ
DA:38,1,Ecu36pY4o7n7ZNCI0D5C1w
DA:39,1,TW2+8VkkVItldcvQeF6kLQ
DA:40,1,RQmP2dsq8hT/viXTT5uvKA
DA:41,1,3G1UyTVUR39zjsibrKiWsQ
DA:42,1,vntF4J2f5v/DaGYYm7TXpg
DA:43,1,F6VtsATm5faKZfCfTqAeLA
DA:44,1,8FZoF08x0pCf+h4y6Tn0NQ
DA:45,1,4k0jTyfIvtu9jHACQNmxjg
DA:47,1,M/TXF178ahPLmgvuauULIA
DA:58,1,mnoV0T4hEkr2W8HjAfJidA
DA:59,1,pFDf/LIp5B7oy7BlINPRXg
DA:60,1,ackOWdJx2/IgtB/ELuvQJg
DA:62,1,n3GrCfTLyC1Gzf4nkjiQwg
DA:63,1,Ya5PcvgoAumTa4st30J7tw
DA:64,1,W/g8GJDAYJkSSurt59Mzfw
DA:66,1,tPaIAxSVHAhUpn6uqF7j2g
DA:67,1,pEm/SxzErj46sd6kjfrn/w
DA:69,1,HmADa1g/W1C2Vo9Wm4sNNA
DA:70,1,bJXTsprnehw+UQFzTuqRxw
DA:71,1,fDZsTvAjqmm/702oanDi1Q
DA:73,1,N+39SwBgkRVfEO45b9GsCg
DA:84,1,SJRqWF8ZjQrAmjCAkXBm8Q
DA:87,1,TQZm/8GfgA8IFEupXQJz0A
DA:95,1,o2FWQNnoPg106TeDwC4sOw
DA:102,1,L8T5/Qt5IPugmhnavJb4Gg
DA:109,1,Tx2eRN8o+7gG01ZliEJDlA
DA:116,1,z8gR8EU2Qvco0jdEOe6+Kw
DA:124,1,IskrPCECInbQWzRhLdqvlA
DA:125,1,K3GolG4RdOasX+xk9jYaEA
DA:126,1,pCFy0Lv1d+zKKSGhGvRNtA
DA:127,1,fxZ41eEq46Ff973HtBNqSQ
DA:128,1,BGvG/tqGdsLGL37upS4jyA
DA:129,1,r9HjALtG4wnc5ffP7YBQNw
DA:132,1,9swt49Bg2hYsjqyaVBxJRQ
DA:154,1,rC/TnlfJna9/m68C9VxhOw
DA:155,1,J04c0lI5ypvf83FIwgtaaQ
DA:157,1,ysUYokla7Ex95ucN+OhaVg
DA:158,1,NcIi1yS2HVX/rtDZwjdE2A
DA:165,1,jtxmX3gLurAowBwGwocwhg
DA:166,1,NN6H22fFu/qIrZOxbXtsJQ
DA:167,1,OIIFZCBKZ7B4zyl71xQqyg
DA:168,1,i+Fh53h2x90lZghXFuP10g
DA:169,1,QBvu8aVXnlfc9SduEuOZBA
DA:170,1,QjnJi9akTieVYe9SfLKJXg
DA:48,0,clewnFu+2CrOTNdlfSfEHA
DA:50,0,7fEUhTxibFdJzv77pFan3w
DA:51,0,mo8f+2ZKpSqA6FUjUeKUvw
DA:52,0,p6L4DTOlIAjwg6QTjtj4kQ
DA:53,0,RXqjVnVwznTlnIARu/bbBw
DA:55,0,cw2khEMQ4wV9brUZNzQ6XA
DA:56,0,nH1NcbcepNrg398013NcOw
LF:65
LH:58
end_of_record
TN:
SF:pygraphblas/types.py
DA:1,1,AiRplHH7nAu5UhIIVu1R0g
DA:12,1,dZi1IwBF93jtqp5AdBWPkw
DA:13,1,6BklM1ManrCJqsV/koQGlg
DA:14,1,MKtNbpuU8YG0/pSr4ljamQ
DA:15,1,5mYv6muhxOeYBWYljO+BNg
DA:16,1,pNdwiMWHKhQdGEyfLrWuyQ
DA:17,1,z0M55drSbFe78y+pxCfU9g
DA:18,1,XEA43+ekiJlP7n2yfAP1kw
DA:19,1,4Ti4+ipUp0bI3HcYiYFQJg
DA:21,1,tDo5PSVSKGWEXyVBXy/LQw
DA:23,1,dYpQvzMjtGZ/ZKN9oSyRyA
DA:25,1,wtxjrmBNVp/dyLfWQ3ixWw
DA:45,1,mg9QmOPQJ29ksCaUTYhLaA
DA:46,1,aKJn/kOWJm6tU6bHAbmb9Q
DA:49,1,7bwwrpbJSuY00TEuNLeSsg
DA:51,1,+hWVm+0zSYgWrMWGygJp+g
DA:52,1,cG8u97uRTkxcn9fveClY6Q
DA:53,1,LXEs3aZl89OxQUGSFQGbRw
DA:54,1,JA1mNE0lqj+M2OoBAT0TPA
DA:56,1,lApdhhI5KmvyU437CnsUGQ
DA:57,1,efomyd6f+VKznF70w+435w
DA:58,1,a7EUzkNvtYavIKpNALoqbQ
DA:59,1,sVcof48EUgNqHt4sazjPgg
DA:60,1,oyWLgQpzI6txj4o1GJnEzw
DA:73,1,wyG9LqC1dZn7A1TG5907ug
DA:74,1,UjDBOb+c8bau8orbU//VVQ
DA:76,1,kBO1We4Vt1+R5Uax8VxEug
DA:77,1,12Qj+7I9IFtiQ29BAyzy1Q
DA:78,1,703z7fLOHSJQlRgUkCb4QQ
DA:79,1,l6cRJpf+0RRT0TdqpWwzNA
DA:80,1,JUdmHYJAdTexSWkov6fpjw
DA:81,1,rzo1ktwdJOOpxB7RL53OUw
DA:83,1,rvVaqsQvUH9MWf6NHYmjGw
DA:84,1,sIQ9fNnqxIvst/hxxr2cgw
DA:85,1,w7HL8STtfxwxd9YRlKtn2Q
DA:87,1,ssQBiy/BPQmtInckuSmd9Q
DA:88,1,xvWIcpcyNr0gyGcTkdMxXw
DA:89,1,SyFm1mjfoLeM6a1Oy4fuqw
DA:90,1,Dr4iceMEi7qvXsS7VW/wYg
DA:91,1,cg5Sfv8q2A2SzHKXAhQR+w
DA:93,1,DxE2aqaoETDI5I5gWopN4Q
DA:94,1,qwF5uKqIbrzVi1SZCBEi/A
DA:95,1,9K9cjgPOhxTBLF84mjm7wg
DA:96,1,vHAJPqESIXK9aoBymxDwGA
DA:97,1,VUreNXmp0hPxyIkGGWllhg
DA:98,1,WCAdoWcxb9amgpA2MGx3cQ
DA:99,1,0dE3K33iAc4QCZq2jmg2jw
DA:100,1,CDdlM94xYrM4DilN1kIg1g
DA:101,1,2zkuVKZo22/K7u36e4ekYA
DA:102,1,yNhQT3VS+E8H4lXPN/q7Ww
DA:103,1,D1ZFSYaqFY+fhMuPvdbOmA
DA:104,1,AdIkRC9DCo8BJmsWw0BdTQ
DA:105,1,85PR6ObQe3eIzGZ1gQ81cQ
DA:106,1,pMMdLgYMdMrtcYNWwd4e+w
DA:107,1,LiFb/PtwiBQIzw4g1BBUnw
DA:108,1,RUNE2dadPUFpxKJb6cPTSQ
DA:109,1,+uQCTZc69doAIXompAw5UA
DA:110,1,BEAb8kyiluvmKPeJjPZZYA
DA:111,1,KzuZhvPiACkp2UaKWv69fQ
DA:113,1,nev6c6tjhT2j6yXPOWxF/A
DA:114,1,aYtA2EwKOzFMhrY9l/eoPA
DA:116,1,HJWDrqtaDctbTZ47ok3p/A
DA:117,1,lMMj2GJN6RcsH1WnTamYew
DA:121,1,zsVpynyyWiV24zhm8fOcHQ
DA:122,1,x0gFYfhzaQzmlWJ0AiJfrQ
DA:124,1,xk9RASi1wUM9rGdv6+WsFw
DA:125,1,bB/zOk4iocjBaXo64cTLrA
DA:127,1,QkAWf47vjPyUGPmqcuKVVQ
DA:128,1,u+retREgvBgiMYB4o0UIHw
DA:129,1,VA9AOYGpM3BA9lHaLoqR7w
DA:131,1,yNdNkaWVMXHMEFk/prfIZA
DA:132,1,KogRFGjMomwGW1AYW7oaCg
DA:135,1,SBBL9SW7rDpBxXXjkV0xRA
DA:136,1,Vk9nF+FmnmavbebX4wyVAg
DA:137,1,blFT2PbgBuf6kEqomeedgw
DA:138,1,Dtq8A2YvuKW1wvszx8ZVLg
DA:139,1,j9NRObWwTxPUKkLn3jBHYg
DA:140,1,Iaa1ZEbXLS9NgQlEeXrxGQ
DA:141,1,hYRya96I0Mjj7WBMmBrpTw
DA:143,1,Nnqu9X+lU2lagW39QNhFWA
DA:144,1,sE/dG6Zc/Ug8uZ3DVd+oaQ
DA:146,1,rlg/2OmRHS5WYsLy95vjVA
DA:148,1,Nnqu9X+lU2lagW39QNhFWA
DA:149,1,IvtPRI5ZZZg2rJTjqtHbUA
DA:150,1,nd1XJqGJsRZe/TZHKkDqEw
DA:152,1,Nnqu9X+lU2lagW39QNhFWA
DA:153,1,RZPe7aNs4Yju/ERl2teUBA
DA:154,1,dIqrcodrPaXOPOF6s2UnoQ
DA:156,1,Nnqu9X+lU2lagW39QNhFWA
DA:157,1,0icwWuAizaHSruM+8iLDWg
DA:158,1,SC+67oFiaPajiDM1JkW5dA
DA:160,1,Nnqu9X+lU2lagW39QNhFWA
DA:161,1,KpN/SgG7iUdjaz5bRXoK+w
DA:163,1,sSgHs6kvcU7/mP8ZbvaPdg
DA:164,1,QbCc9vDvRJ3sCN1a8GjHWw
DA:171,1,Nnqu9X+lU2lagW39QNhFWA
DA:172,1,hXF54v+Y+PJlFyUL7Y4ZQA
DA:173,1,sSgHs6kvcU7/mP8ZbvaPdg
DA:174,1,m2x/MgdMQK5KWzAdyMnM6g
DA:179,1,pWqX6aVM4DrNHj+quvX6/Q
DA:180,1,mavsmbWSyX5pmNyECl1iLQ
DA:182,1,EAMrSjffFb0J+wQc9GRqRg
DA:183,1,EhdqNQsjCRs5ROYZAYgEbg
DA:184,1,xby4yUe4yUcobwMDNL5OXA
DA:185,1,ETkEYacZgnJ7UTMPs2UWWw
DA:186,1,WSZWJe5zV83i8zl7VZaKeA
DA:187,1,+isZiZkqRVk1DLEOj3buWA
DA:188,1,JByWJJoMSSyB0DNcc2XQFg
DA:190,1,Nnqu9X+lU2lagW39QNhFWA
DA:191,1,vbJFkfdZrJCejSHMSNvP5Q
DA:194,1,Nnqu9X+lU2lagW39QNhFWA
DA:195,1,+TdqHBWp4OTvNzmxTvoalQ
DA:198,1,Nnqu9X+lU2lagW39QNhFWA
DA:199,1,68udkQIRXzrBuY1Ak2HZYA
DA:200,1,q/VK35ks2kvo5Q0TqZsQxg
DA:202,1,Nnqu9X+lU2lagW39QNhFWA
DA:203,1,sE/dG6Zc/Ug8uZ3DVd+oaQ
DA:204,1,VO+a+gQk+pEfvBSdAjTWIQ
DA:205,1,MGp0P/BjpY7eIpxAx0plzg
DA:206,1,xOMCjdDmll5GDNbyaGvsSg
DA:207,1,XyH3QBCLTQuGJd9RczCqYg
DA:209,1,Nnqu9X+lU2lagW39QNhFWA
DA:210,1,hXF54v+Y+PJlFyUL7Y4ZQA
DA:211,1,GJCJ/E3yn3GSRJ8BeLZtXg
DA:214,1,3puGnB/H2aoDSDAR8pgGnw
DA:215,1,J8V7wfVRX4wF8cN3R4gp5A
DA:217,1,SXBjEyGffSy3VANguaRKGQ
DA:218,1,lWVECsZ8N3tC+d/+6Ji6FA
DA:219,1,XuAKSxmWvewwPLfeN2QQBg
DA:220,1,7pB8+KQEVlB+BHNSXXI/uA
DA:221,1,ey35AEfjoss58QUU3Yi9dw
DA:224,1,4xfl6uBUdOHL2eVwgTmIHw
DA:225,1,4EyBg3CorZ5Es1cxhDyfJw
DA:227,1,BNq8w0WlhAz/Hw/Spz5f3A
DA:228,1,QDMmwGgwBMIskEE3/dva5w
DA:229,1,WSZWJe5zV83i8zl7VZaKeA
DA:230,1,nq3ddINamQ0PiiGBpp06+g
DA:231,1,FCgQeQ7CDYvkKeFJuHiQ6A
DA:234,1,0tz4TT8jJVp00ppXNHDQ9Q
DA:235,1,eLZGcab1ZjMUrXGTkaFE1g
DA:237,1,bVO10/f4EXrd4n04yAwmbw
DA:238,1,JzfsZCQ5TafoFvzFyHEZFA
DA:239,1,fELk2cksB5NWOBZX5382+g
DA:240,1,OD8K3JZFJP8sA5l5RJq3DA
DA:241,1,e2qNUif750jBYx0+PD+Ztw
DA:244,1,9dQgYihmT/sJJ/J96MIXrw
DA:245,1,4twwgO7BI0F5rp7g6vHKNQ
DA:247,1,HT3o8v7FFGRLIOOcFH4USw
DA:248,1,UVXvAeI+nuPnz7OIO3JIhg
DA:249,1,DFaXUYZcrpC2YMrx8i+9fg
DA:250,1,CnF3UtUqaWR4OtzgKd4Q5Q
DA:251,1,5N7S4Ey50MGx79aYS0Pheg
DA:254,1,r/9hhVB8lF02+lPWIN+mRA
DA:255,1,zUCm/JiQFK8hPcCDmfJb7g
DA:257,1,RuiecvIpfQYmZloU0iUhGw
DA:258,1,JWYBekeOGBdr11NshVdHBg
DA:259,1,Jl0KlH5QfTvPyDD2BDt9jA
DA:260,1,GhY2X7Elh5U6tFkvDuDjmQ
DA:261,1,CNx8zziLAIJWJSexLbKXEQ
DA:264,1,QzBHqwWJ3NwtaIZ/JlenHQ
DA:265,1,YYLRE6JxBo9lIoq9+3ZuPA
DA:267,1,TwbAdNoev7l9a2Q88vC3Qw
DA:268,1,fdskX6qKCdkQM0Zb5RUO+Q
DA:269,1,2RorIU5/d0DBN4LGsHBZYQ
DA:270,1,2tAMCwaZIZfYJAb3PLc+mg
DA:271,1,mXodA89UodjpqU2CIPj3/Q
DA:274,1,zD/YrjLT1b3+nzpw/RUG2g
DA:275,1,J47t3Yj0esaz2QF5ZXXgDw
DA:277,1,LVpT3dEa6m0Bmi37NwwKIg
DA:278,1,Q0oRlNhL+FYfy75iNMcMKg
DA:279,1,4gPdzVEIO3w18d2tUm/XlA
DA:280,1,PT/wu8NuCYBbfIdzFMY0fg
DA:281,1,AJuLw+gliaUH7h8atztBaQ
DA:284,1,L9sTBD8p2zuq1XMM6EQtBg
DA:285,1,sGR5u0xpqm7RU56ln+PN1w
DA:287,1,r1qniyhmUyH+6iufGvDcog
DA:288,1,DXUNiQy34D91R8WDExdu7Q
DA:289,1,1SY8L+YcdOOCOZb8LLG/9w
DA:290,1,QjT1sqUdgSp4/jgkXjCAog
DA:291,1,HEqb2qWZ3tV7wD3/rvSVLA
DA:294,1,cPCZVbdBMljE3Glwz2iHvQ
DA:295,1,4JeAEXZaAQeruYKXb3jkDw
DA:297,1,HlGsa/k0oAZfnb+nGbVEHg
DA:298,1,DIqJOeVMTfdhDAPljWxjEQ
DA:299,1,Bvh0/x9uMn0EqMEFKC1LCg
DA:300,1,B3O0VAYGtJEXeBIGTuI1KA
DA:301,1,pQAidgKxdtVD5cc+B3IhNw
DA:302,1,EiHoglXBfFAgJ//5LVy1VA
DA:303,1,FYQu5Pd05Yjze7QjdxNa6g
DA:305,1,Nnqu9X+lU2lagW39QNhFWA
DA:306,1,5G634JOrlOaswnSX2c+RQA
DA:310,1,5FdEtcr+0DYe/xzbk0xF6g
DA:311,1,IRn77DDx/Wb52berZrH//Q
DA:313,1,HlGsa/k0oAZfnb+nGbVEHg
DA:314,1,DIqJOeVMTfdhDAPljWxjEQ
DA:315,1,mKs+tw5SWYowS5+8n41yAw
DA:316,1,KMV3dcoNFS1v29RLDtv/0Q
DA:317,1,Ls3STlFCKjsdi/DcEqm5BQ
DA:318,1,IfLtEHnFXfTksGjhHy8F6A
DA:319,1,/scIcRu/t92odbIYUB1Dfg
DA:321,1,Nnqu9X+lU2lagW39QNhFWA
DA:322,1,5G634JOrlOaswnSX2c+RQA
DA:326,1,Fdj3BV6PLL80vIgMU1egEQ
DA:327,1,o2UMH00kqjQSalFeAbTgVA
DA:329,1,WOyvmukQlkvMY0TzXvtqbQ
DA:330,1,lL51g6fF3D/g11i9A5Lx0w
DA:331,1,7QlJgOhugJs2Z33wG/uIHg
DA:332,1,6fRZOFEPW5IRCVKmLMfrlA
DA:333,1,YLvwBVky8cFhDHa1Ou8yKA
DA:334,1,CuJrp0wkU+4b/hmQcCva5w
DA:337,1,Zo2gH1uyq/x03b4dA9IHrw
DA:338,1,4EgZ4oWphzRPKzRIGMeX9A
DA:340,1,WOyvmukQlkvMY0TzXvtqbQ
DA:341,1,lL51g6fF3D/g11i9A5Lx0w
DA:342,1,VbGwwloBolqq/cNFqbSLiw
DA:343,1,Ks8u5q3B+fs78B2cGD+B2A
DA:344,1,F2czJ2wcjb+/gO4jOGlQaA
DA:345,1,yEjhw0Ili/zfiPfjnUhjIg
DA:348,1,DGs91cl8KaCTcRidmqxymA
DA:349,1,eYd3gS7hf3wSMudEnZoahg
DA:350,1,3c09JE0qsyUu0S+bNQdF/g
DA:351,1,16F34cCAfaKLDHAq42/m+w
DA:352,1,Z032osPk2iQ2WDmIn1Vmew
DA:353,1,PBneY/zEyLlidI/gJCkhcQ
DA:354,1,XetS56M+rpDyGy6oE13+Vg
DA:355,1,NZjRa4mooaPYrVBithYKPA
DA:356,1,SIERHCetRSU5d4rV9F2DCQ
DA:357,1,oIfFRfXumNLXBbjXEplAgw
DA:360,1,KQBNcH5lC9gbjsvv3c0dgg
DA:369,1,Y0Jbq0BbNDqWsgxsd4NwqA
DA:373,1,P/h1oVTr/8otYVOXJfh95g
DA:382,1,/m2UTlWMPJB2KTvPq/FglA
DA:386,1,u7XmGViTbLk/PzpyvCbUYg
DA:390,1,pARp/6/EuAP+CWiyeN/b/w
DA:408,1,niNHL7IDiV6zENP+ASbpzQ
DA:442,1,9UP00Jqti2v8jBqNUEkSrw
DA:443,1,aBdq6DBaF7n2VcIsooPUIw
DA:444,1,jYc8ssaSO2eGuAnuuxqfBA
DA:445,1,6QYooBvjYTSQ0HYmuleoqA
DA:448,1,VFh1QjbKASPQiG9MR1fCng
DA:449,1,SSGzgYTGkQwK4l8pB51meA
DA:450,1,rQ7X8tKGQz3gBsQekuzU/A
DA:451,1,RxTlpHg/e+/SRLsfYTszxg
DA:454,1,hkzOkKfkwrqRqDuPM4S9Pg
DA:455,1,90iBTQJjskVaM1OPxhD6MA
DA:456,1,WY4ZPCuA+MHAEoErbmzWNg
DA:457,1,5PZAwYAjzT2FugzX+RHbyQ
DA:460,1,QRylElIiEzpyCkTTcQ+bGg
DA:461,1,Lyw5KyliiXwXt0rY2VP78w
DA:464,1,RU033tkIDB1sEfW2imce1Q
DA:466,1,qx7rtIzjjoLhTx+769WSCw
DA:468,1,egOqc2BZ8F70WI+/uwXTjQ
DA:484,1,ImgdVHBKltart7Dmdh6Q/w
DA:489,1,rvS3I5wLSGZcBUzxl4j/cg
DA:490,1,XmQfa/GcJcOWbLd/XYiL3Q
DA:491,1,KmaQh5ZcfXh2lA2U5qnytA
DA:492,1,aJFOF9xuf+b2uQPFLItH/Q
DA:493,1,N+xRBHGRVy0SiTSwQ3/51Q
DA:494,1,XmQfa/GcJcOWbLd/XYiL3Q
DA:495,1,5MLBuB5wfw44o9BvQskWjw
DA:496,1,Jhog9Z2WPZObvRScv26p2w
DA:497,1,FiZLLG6VULAxLkalGl2vgg
DA:307,0,0XpmE/RuBVoTFR5yU1lmAw
DA:323,0,0XpmE/RuBVoTFR5yU1lmAw
LF:227
LH:225
end_of_record
TN:
SF:pygraphblas/unaryop.py
DA:1,1,nXWFLhkCFo1HDP67M8UtRQ
DA:5,1,GjxQ0cdyqFNa6CKQWei9/g
DA:7,1,T0lqZMWGnfiXhnCQmqsFJw
DA:8,1,WpCPBvv1Za7VaefPGMuZDA
DA:9,1,6BklM1ManrCJqsV/koQGlg
DA:10,1,tDo5PSVSKGWEXyVBXy/LQw
DA:11,1,pNdwiMWHKhQdGEyfLrWuyQ
DA:12,1,XEA43+ekiJlP7n2yfAP1kw
DA:13,1,4Ti4+ipUp0bI3HcYiYFQJg
DA:14,1,oYkJdzNwcpMghjWlEFRTgA
DA:15,1,qLAaloR/f+XZxG5VcyqNzQ
DA:17,1,ErLi2uLzTZl2ktspVsJe6Q
DA:18,1,EEVO42j8sSE52hY21St2LA
DA:21,1,B6e2fPRgpb7E3J4HOVkckg
DA:22,1,jLvDTQ9wBMnfSnPMbJR9Kw
DA:24,1,eFpup/+ZQBY97yScNoTswg
DA:26,1,Zu1QQGSzsjiqmL3Ish3XJg
DA:27,1,ORgvEKK2hG3bHD4lmvgGbQ
DA:28,1,EkcqL17VOrpBYSYxAuHcbg
DA:29,1,TW2+8VkkVItldcvQeF6kLQ
DA:30,1,rV7/aUQo0vkgZ/rODJfNPg
DA:31,1,/xU03qzFyltozoWM4P5yAQ
DA:32,1,c5OSiDiCBbosxi3eXZRyzg
DA:33,1,MR5WqbsWkt/K4F78dCbBWQ
DA:35,1,WZD2bNrlNmrWsqWmwmxkgw
DA:38,1,tPaIAxSVHAhUpn6uqF7j2g
DA:39,1,MBkShBqjqf4ITYHnT5wwNA
DA:41,1,N+39SwBgkRVfEO45b9GsCg
DA:52,1,2DYeOqAY8t3wrlUsnsTJPQ
DA:55,1,iPeShQWqiax6+p7u1dNKAQ
DA:65,1,QxjZPXLSQu+w/agFH4sW0A
DA:66,1,K3GolG4RdOasX+xk9jYaEA
DA:67,1,pCFy0Lv1d+zKKSGhGvRNtA
DA:68,1,hD0xd+UH7RP5xgEXLI/QFA
DA:69,1,nE2YqVDvR5DzIYgzv+N6SA
DA:70,1,r9HjALtG4wnc5ffP7YBQNw
DA:73,1,Jp5sQ6FTMGpVAEuwfpJE4Q
DA:74,1,J04c0lI5ypvf83FIwgtaaQ
DA:76,1,ysUYokla7Ex95ucN+OhaVg
DA:77,1,DNjnT3niAJ2gN85a9za2sQ
DA:78,1,jtxmX3gLurAowBwGwocwhg
DA:79,1,nigci0MS65If93Uep2gy4w
DA:80,1,OIIFZCBKZ7B4zyl71xQqyg
DA:81,1,i+Fh53h2x90lZghXFuP10g
DA:82,1,QBvu8aVXnlfc9SduEuOZBA
DA:83,1,6qzPJ6UoW91trCNpdhfHfw
DA:86,1,T+o6BHUjV97RiZbIARr8Og
DA:90,1,dQAzNhcc+j1i7EkBxqA2PQ
DA:101,1,D3mLw0jx+hW4UrD5zmHl0Q
DA:36,0,9+3rXnTTrQCmfjkDHkcpTg
DA:121,0,uMzoygH188WHJLV30WQA5w
DA:122,0,lB5U+Eab+kE7BMKwCC0Hvw
DA:123,0,g9zikP/0oQmvA1uhnT/oSg
DA:127,0,RESMOjhal0V1VLUD3tNLyg
DA:129,0,nGsLcvNa3oBgwZwJGABQaA
DA:134,0,qPtcUShBYH1/nX3xBkRYCQ
DA:135,0,mJOX6Cees8j/fle1D/IzHw
DA:142,0,x52ltcvYFN2BIKnpMKz6Ng
DA:144,0,O4f293Ye/3MvDtJcIrBk2Q
LF:53
LH:43
end_of_record
TN:
SF:pygraphblas/vector.py
DA:1,1,Hcr70hDt7KWFmgUe3wRZbA
DA:4,1,AwpGUILSjGu34WAr6c5fRA
DA:5,1,mUDsnWRiqW9R9nTILGKIZg
DA:6,1,LLdv2p3EUGUMcq7ncGKSXQ
DA:7,1,bCilR3McFjZmd5pwfbTpqA
DA:8,1,JE3MHlwTUV+9Brii4ShMcQ
DA:9,1,5mYv6muhxOeYBWYljO+BNg
DA:10,1,IWWjrCeOtk8NNtrE95++2g
DA:12,1,DNhSByVJAdi11r7orhxqow
DA:24,1,EEVO42j8sSE52hY21St2LA
DA:25,1,HDNqhaKKwrEItd1RqUeRZQ
DA:26,1,d+cii73+/bw9v/a0V2Dt8g
DA:27,1,keXvWwMwhkPhifbFihhVvQ
DA:28,1,sWSdvCoaoOHSz1RotcEpqw
DA:29,1,LFupMMAv3bZHhpIB0rmu5g
DA:30,1,NKjBtuTwYDVNmYzYiek8ag
DA:33,1,U6u+KgGuRLsWbPZ6S617sw
DA:34,1,8/y/Q9iW/g1E6T5l/uXsqg
DA:37,1,dgMkccpcaj2VdL4g3NiJMA
DA:38,1,VEy+ok2zg3FZP127oKdhFg
DA:75,1,YMp4W8rBhFjRvgeBcColLw
DA:77,1,5SsTudyOWPRDv6Sx3Zy10Q
DA:78,1,8RUQJ23jMPych8FUGw9bOA
DA:79,1,kAmrqDiWVkRC/jOg+tT9iw
DA:80,1,XxeezCRAwkKS6rB+n3pCwA
DA:81,1,TKjGs7b5vJaq0JDGs1sZ8Q
DA:83,1,18xSIlIk0QdGdtK3BxCoBA
DA:84,1,ITc/jl7IkBj1qucEnUWnbg
DA:85,1,OHYpQiho1awpIXFryZ4FVg
DA:86,1,lhsFEkFPOgfB+Wto9eoyRg
DA:88,1,ZWpzmdZvruORcXetfHkeKw
DA:90,1,xdfBZLHIJt1n+mxTDno7PQ
DA:91,1,bwItN50qQ+Ws7bDXJ5H4lA
DA:92,1,FfzVwTYkg0amKY+zVyvTig
DA:94,1,goRP0jEKemAnZkdk2xCi6A
DA:95,1,+S1a1qrw2GGkARUqhx0GiQ
DA:97,1,NhwiEFYxgSItKkKpG1x/GA
DA:98,1,pqTCtH1lIol+gbwHZ1v2nA
DA:100,1,14/FJ08LgnjasFiR9+VXyg
DA:101,1,R6PMhYW+Xr+n1y74S8TdUA
DA:102,1,C9zTpkmoFdaQH/gJYI+how
DA:103,1,moLA98FML3YUH5X/OJVmtg
DA:104,1,fMf+ZyvLVpnf5U6gRweE1Q
DA:105,1,KuOoETOOraAJntM187Ln/g
DA:106,1,AbrwtUOTXXtyD7w/0HLiYw
DA:108,1,90WKx+jihbpA+J0oAVWA1Q
DA:112,1,HmADa1g/W1C2Vo9Wm4sNNA
DA:113,1,gmBRNkzKW6vtQGEkXe/vGA
DA:128,1,HmADa1g/W1C2Vo9Wm4sNNA
DA:129,1,KOLyZaPXmXLo4abKzgpueA
DA:139,1,HmADa1g/W1C2Vo9Wm4sNNA
DA:140,1,55nJWCkpNxOxwE3JAjI4fg
DA:150,1,HmADa1g/W1C2Vo9Wm4sNNA
DA:151,1,Rd20Qx3mYRwOaVI+bYu3kQ
DA:166,1,HmADa1g/W1C2Vo9Wm4sNNA
DA:167,1,3r27vs8/y9cbckrrHG0ONg
DA:177,1,HmADa1g/W1C2Vo9Wm4sNNA
DA:178,1,ypWdzzfK9dP00ZRSd2pczg
DA:188,1,EEZwiqU6YmjwcMY0Z7x+VA
DA:204,1,SdonjqN1Son4ab/kpqsmkw
DA:206,1,QJKrp331dAU/YVVLImi/XA
DA:208,1,CDt1naPd21lW6skf4APs7A
DA:209,1,9tqKMOfXED0OExHoWt9+1Q
DA:211,1,K30aGzxyBW1zWhS07Ak45Q
DA:213,1,yaDOH20g57fkGRor2T3Zaw
DA:231,1,pOHjLjY4x9GvY59k2iM4AA
DA:233,1,4DN7Ifrp6NpYkr11AyG6ng
DA:234,1,9CM1QuGCdw/Mg0T1hW20qA
DA:235,1,g8MKkgD6Za+3xFckKNjzJA
DA:237,1,wf8NzxdW2ov2fkubeGV45w
DA:248,1,dYTog8ciybFsPoukHfYiuA
DA:250,1,Nnqu9X+lU2lagW39QNhFWA
DA:251,1,OzuVIEMpVTmOkuqmsq8RVw
DA:277,1,YKGDUea0ZCYzmLrv5vs0sA
DA:278,1,cyLNAfE9GTQcyof1MqxBqg
DA:279,1,CTtis3jD8M7YFy0Nth8IuQ
DA:280,1,kRqid68zD7iu6mAdUconHA
DA:281,1,SDYA1drp2TlbA0brow4vCQ
DA:282,1,QLXF0MXW4Hv1p0TIjChBaw
DA:286,1,ad/t30HXFw2O8IN92pmPtg
DA:288,1,Nnqu9X+lU2lagW39QNhFWA
DA:289,1,Vg8BN035Ls7XcfBT0QTp8w
DA:330,1,Nnqu9X+lU2lagW39QNhFWA
DA:331,1,+OQF2Ysl3TV0h3KWZuQj1w
DA:344,1,lgqyaIT8Fr5NRhtJRlpp0w
DA:346,1,20Okyi9zGME0KfICAWp5rw
DA:347,1,15J6Vc83kFrecild2e1qrA
DA:348,1,NyuO8Ntt1XabuXwSXmr0nA
DA:349,1,qHg2bM23NGU/vrS7+gKFIw
DA:351,1,ITc/jl7IkBj1qucEnUWnbg
DA:352,1,J1WTQDxRd4lfAy/7wGPxjA
DA:353,1,s+6KfXA/2iZInmRQLTcMtA
DA:354,1,gLN81NmZIe/TCRqji9E1jg
DA:355,1,dVvlSS6lZ2aYXbDSXU+DnQ
DA:356,1,ad/t30HXFw2O8IN92pmPtg
DA:358,1,Nnqu9X+lU2lagW39QNhFWA
DA:359,1,plZTv9xOXtg36OkPmrz+qw
DA:361,1,nOLwN+DvxI9YhN/GkuQScw
DA:362,1,2I2dpOMwLEtOECdrC6KEcQ
DA:364,1,w9m3a193nn0pDqnFMwQvnA
DA:365,1,zUG20F//9nx40vdhlm+ADw
DA:366,1,dVvlSS6lZ2aYXbDSXU+DnQ
DA:367,1,ad/t30HXFw2O8IN92pmPtg
DA:369,1,Nnqu9X+lU2lagW39QNhFWA
DA:370,1,eGVB6sCHe+YQnUBGJIBiww
DA:379,1,5AjTufExbsGA9cvGS7nvuw
DA:380,1,9a5RL+6BvS9br+vBc4PaUw
DA:381,1,lZ9pvWaY8OvjxcO3nI2s/w
DA:382,1,J0XTFsr5s8O3VnG6hdSPNA
DA:384,1,789C3+9loJrgCLLleV7tiQ
DA:398,1,CTtis3jD8M7YFy0Nth8IuQ
DA:399,1,Fvt/DdZqm9Hk2QSqaJ4l2w
DA:400,1,8JsNStqiEYVEQkJWcuunQg
DA:402,1,HmADa1g/W1C2Vo9Wm4sNNA
DA:403,1,Uaf7+rqEBsz7aLNHi5X/MA
DA:411,1,6sPIkZ4Y7ZJShWvnoReTSg
DA:412,1,0/WwuHEfG4Tv6c0z7FCBEA
DA:419,1,HmADa1g/W1C2Vo9Wm4sNNA
DA:420,1,TMoKs1s0yxw59DiaEthW4w
DA:430,1,q1/vTZojv4bGX4lsVKmgjQ
DA:431,1,OjBwOw8cgLQ5u3BD/d7fRg
DA:440,1,HmADa1g/W1C2Vo9Wm4sNNA
DA:441,1,54SCeI48+qqu9Sv4b2dnbw
DA:449,1,Nnqu9X+lU2lagW39QNhFWA
DA:450,1,rwrgqbDy+vjOJipy7Bubdw
DA:464,1,9gZiikgwxVaPhTIR2RzEig
DA:465,1,1ljznyPAW0LUUg7L4mpaJg
DA:466,1,Hbo1SOHnEaoWh6nuZanY2Q
DA:467,1,bP12FtJLGKZrMLXptDI+zA
DA:468,1,J0XTFsr5s8O3VnG6hdSPNA
DA:470,1,Nnqu9X+lU2lagW39QNhFWA
DA:471,1,fgqyRdfMwtDFji/R+lDTfw
DA:483,1,YYCDH6BKRFw7NmgaEA9Mow
DA:490,1,qXDM2AGbj2nRsuu2cSbBQQ
DA:491,1,aIRNzwg54G8bKCOuBzcuQA
DA:492,1,U8NYXcd7SN8S+7l1AWtJ0g
DA:493,1,cpRiL8tObTy5S1Qb2QrnvA
DA:494,1,GtEPqyo1wb2TQ7ZLwVySwg
DA:495,1,OebkJLrRTV9JEecrNmuJZg
DA:497,1,AUau3wYAbTr6lTI+bvXcnA
DA:504,1,E66W5T37/WZh/jIltea0YQ
DA:505,1,2i6VXs3TnHheWRQffHAz4g
DA:506,1,R6PMhYW+Xr+n1y74S8TdUA
DA:507,1,C9zTpkmoFdaQH/gJYI+how
DA:508,1,moLA98FML3YUH5X/OJVmtg
DA:509,1,NPfh4yZhXEQXgY0vnEqFRQ
DA:510,1,KuOoETOOraAJntM187Ln/g
DA:511,1,Zx0l/ksUuW6dvHknVKc94w
DA:513,1,HmADa1g/W1C2Vo9Wm4sNNA
DA:514,1,aMx2P3kcjUsW6qlQfX7+pg
DA:521,1,U8NYXcd7SN8S+7l1AWtJ0g
DA:522,1,j4ZM/TE4+c/zDX9WSllVNA
DA:523,1,Kd+AymRubH3hEb+hqhqjUQ
DA:525,1,HmADa1g/W1C2Vo9Wm4sNNA
DA:526,1,WozXwOPaSQZtREjcFImviw
DA:537,1,U8NYXcd7SN8S+7l1AWtJ0g
DA:538,1,BBXu/+oN3S931mrbwWjZNg
DA:539,1,Kd+AymRubH3hEb+hqhqjUQ
DA:541,1,HmADa1g/W1C2Vo9Wm4sNNA
DA:542,1,UL2cluCfJrrEjWXoro2LFg
DA:552,1,HmADa1g/W1C2Vo9Wm4sNNA
DA:553,1,q2+FcGhFt9Kh6eq4pQqw0g
DA:555,1,n5MBK7UkvB2AFNGjQoRcCQ
DA:557,1,64T3TagBoCIqArdagf5C8A
DA:558,1,bzSvzDXAGrqohKVk0O5G+w
DA:560,1,UcCi4/Z9XDdrlmiqYUzteg
DA:565,1,255Umejb6HXd8hmuokLZ6Q
DA:567,1,YrJWMnXweL09/YVZzck0RQ
DA:568,1,EjUKzZXJQaglfk8L3KVT/Q
DA:569,1,1hYbf66O7MI2i6oe7N6hDw
DA:570,1,Qn1XDqA57ogb9nUEqXjBfg
DA:571,1,2N+VL0WZwrcKWPZgTZT/+A
DA:572,1,g1XeIoPiVdZkgocUU0xImA
DA:573,1,U/ZceDNQ3uULsnBflLwl2g
DA:574,1,KlOajgl0bjNZYgOdSylnoA
DA:576,1,YXupJX/bxxmRqGwi9Fmu9w
DA:577,1,KlOajgl0bjNZYgOdSylnoA
DA:578,1,vOwE4rgGh/eucdEjznpwvA
DA:579,1,6gdJfHn9tzAU3br4uWakGA
DA:580,1,4JnZLiPMD4U8C3iptcQUmg
DA:581,1,QGkPdmyMvnejJAtj8rJM5A
DA:582,1,vTHQwB95it9ETsTQCbHqCg
DA:584,1,MK4EuQB7ZrQO617+ESGIQg
DA:586,1,gUM9Aa7eTglu0cO0NiJL7Q
DA:587,1,o5tMkVFMBsfzuEitDRdswg
DA:589,1,GJPDQGaguJwOJmbL3MX44w
DA:590,1,Afd4W1HBu/NPIPpmT0W23g
DA:592,1,aLO4mh4jdTRyoLeCa5v96A
DA:593,1,QvpylRV/nSZumiYlpR0laA
DA:595,1,LsZ+fAoV8jIOXTo0X1AJZA
DA:596,1,DN5WGyasGmMYKoO38ohF6A
DA:598,1,X115G4CwmLkek13LoY9EUg
DA:599,1,6rAN1vc9i3VMTJpreDjdiw
DA:601,1,/NbbjsrcaM7Pn11SM3gHDw
DA:602,1,63v3lJgimW4zo/4e3T1mEA
DA:604,1,RqM4nT43cDxvHosBxY0KaA
DA:705,1,Ni9PoDGk0epAngz9Jdp86A
DA:706,1,3WzA2131YxelAhuCwENzJw
DA:707,1,JSt2EItc7pRA/v8/Nb96dw
DA:708,1,W3o+GkfslAOmwD7fRWTHZg
DA:710,1,WAdd7W4G9bNze9G/1wnqBA
DA:713,1,hyS6yes0N+J9ZzStSUdm1A
DA:715,1,+KsE+z0zJUAn2ttJzcV7tQ
DA:716,1,25KxEllTVkrEzdsCXht2ww
DA:717,1,Tepjm9iuxzWBYe0ZcEad7g
DA:718,1,eMEjLZhRT9q0yiRjfKZ6bg
DA:719,1,QyqXAt2W/j0PeoIXiBlkXw
DA:721,1,pv72W8g5ZnmuFj8dq53IAg
DA:722,1,gDVc6j8yc2ELQf66lQ4A3Q
DA:724,1,z+QlibsNMysLnFbImgEqLw
DA:725,1,UcCi4/Z9XDdrlmiqYUzteg
DA:736,1,PlvzdtsgA8oJTzl8JtlVEA
DA:738,1,Nnx5d7FFqk4t/Gb0KrJ4BA
DA:806,1,pTFJbpoMQkhYN3tr3tMeVw
DA:807,1,GrtzGZingT+cmzE9xDonBg
DA:808,1,UupvI3Ts4w/7B60ctCnHmQ
DA:809,1,v1EIGqsxYWRtb+O4/pY7Yw
DA:811,1,hyS6yes0N+J9ZzStSUdm1A
DA:812,1,+KsE+z0zJUAn2ttJzcV7tQ
DA:813,1,25KxEllTVkrEzdsCXht2ww
DA:814,1,Tepjm9iuxzWBYe0ZcEad7g
DA:815,1,eMEjLZhRT9q0yiRjfKZ6bg
DA:816,1,QyqXAt2W/j0PeoIXiBlkXw
DA:818,1,KiXglbPlo2gxEyctke8QEg
DA:819,1,EmJ1CyN5RjOkOjubdrZ9TA
DA:821,1,EPVVvWblulzwEO7rjB4Hjw
DA:822,1,UcCi4/Z9XDdrlmiqYUzteg
DA:833,1,PlvzdtsgA8oJTzl8JtlVEA
DA:835,1,gVUosZreqDqdI2/xidp9Yg
DA:942,1,+INTUNAPeyT8d6ZhcqKKzA
DA:943,1,iRVFx1JHKRFFB61Fl31GWg
DA:945,1,+KsE+z0zJUAn2ttJzcV7tQ
DA:946,1,7+3rnFAJ2KiyS9w5cqFCAg
DA:947,1,Ud+iyhCM3hphpugrc4eAJg
DA:950,1,6t5731OdvrmQq7eAqaJnfw
DA:951,1,DpH1T9nkIuNizAlzr4Lpqg
DA:955,1,l/PcmM4LGDFvVEPGk3nvcw
DA:956,1,mNFdp1dts+z5zI5JmTxPJg
DA:958,1,LYZ6vYAdho7cNybH7IAJTg
DA:959,1,hyS6yes0N+J9ZzStSUdm1A
DA:960,1,UcCi4/Z9XDdrlmiqYUzteg
DA:971,1,PlvzdtsgA8oJTzl8JtlVEA
DA:973,1,85/z6VzU3v0SXSBSod+RhQ
DA:974,1,uNAfEytxx4Mf03ygZJgxKw
DA:976,1,fM0V/pIrg/ivLEcdeDIaAQ
DA:979,1,cgSUovcfTUvzAR/L1bflKQ
DA:980,1,qySGEe2LoKowu2saGvikCw
DA:982,1,SVahGenXT7lu3lig/fBnEA
DA:983,1,S24crR3NHTyOQG3Hf6xwkg
DA:985,1,Z++inLoUPZhbvAA0xspB5Q
DA:986,1,PiB+5GUBCJwbQB3WHTQYGw
DA:988,1,HjNlvGuIkrLHObMYWONFMQ
DA:989,1,h9iko1QPq1J99lPviQbUTg
DA:991,1,KreFH4WG1InwCd8bHca6kA
DA:992,1,WirP7OJPrlDE7dM5TBSTtw
DA:993,1,/ZaqHW4amhgrM0rh/Yygcg
DA:996,1,l1LJ0jVQ10FA6FM+BmovVA
DA:997,1,WirP7OJPrlDE7dM5TBSTtw
DA:998,1,uWfElf950pM270EYDRz+tg
DA:1001,1,S9FKCuOxXrSU7sMUpvIMZg
DA:1002,1,WirP7OJPrlDE7dM5TBSTtw
DA:1003,1,QQJq+ORTCzPHS+hAyAb2Qw
DA:1004,1,h9iko1QPq1J99lPviQbUTg
DA:1006,1,bZtIw7CkPhnHghKwTHgwCA
DA:1007,1,WirP7OJPrlDE7dM5TBSTtw
DA:1008,1,+SFwDIYEgsKmIHrurN1X4g
DA:1009,1,7OqPvrQH1iUGW7TcVM+pFw
DA:1011,1,OiQZsE5PLDweANSSCJ3UxQ
DA:1012,1,WirP7OJPrlDE7dM5TBSTtw
DA:1013,1,XlhJmRXjdOADW8MVkI8n7A
DA:1016,1,+lNIYKPBzZuHK6Wdgkb4FA
DA:1017,1,WirP7OJPrlDE7dM5TBSTtw
DA:1018,1,+SFwDIYEgsKmIHrurN1X4g
DA:1019,1,5ShoQTLYzGIzRz0ugy12rA
DA:1021,1,+RuzgsASJ0KEWoDURE05Bw
DA:1022,1,WirP7OJPrlDE7dM5TBSTtw
DA:1023,1,pX9CzyCTU9NxDbMMf2P3vQ
DA:1026,1,MeteIXV42WH95X+cIToheg
DA:1027,1,WirP7OJPrlDE7dM5TBSTtw
DA:1028,1,oEa9DQc2K6HrPNleH4NaWA
DA:1031,1,JLuox0rFVzXCb7qF8GvmwA
DA:1032,1,WirP7OJPrlDE7dM5TBSTtw
DA:1033,1,ZVCHE14bgx4FKobeTZiX/A
DA:1034,1,VvCfV8DGJG7mqVqYyZOu2g
DA:1036,1,GDjeyqBVivD0fgBPbARFQw
DA:1037,1,WirP7OJPrlDE7dM5TBSTtw
DA:1038,1,aZ1VHeoPTIkiL5inn/pqvQ
DA:1039,1,xGYzPLk8egN0H2ShJftMsw
DA:1041,1,YbdwtH1cXDOzCT13idi9gg
DA:1042,1,WirP7OJPrlDE7dM5TBSTtw
DA:1043,1,3JKhemnd4hnd1XSCQUbkTA
DA:1046,1,suRzAm7LvC9TqyihrG/Q4w
DA:1047,1,WirP7OJPrlDE7dM5TBSTtw
DA:1048,1,oC6/QRLeC3CTTn7x3eqx4g
DA:1049,1,KJbKzPPUCK6qOQGlXgZZyg
DA:1051,1,TbVvZE/QRYnrlRDwMncNAw
DA:1052,1,+lYOBaOtw/5jIAsNCR3esg
DA:1054,1,QxTsbMGPtj3oaS2U4Qka0w
DA:1055,1,x85Y8KVnNnhykfqd7BbdNQ
DA:1057,1,DJ/bKH7TOCzy3bqK0KHIgw
DA:1058,1,hw2vj0kxf6rWZS49dsNsBA
DA:1060,1,9KxkZRtFQwuFRkFZnMBA6g
DA:1062,1,YpsnfsqAxu29Cd2q1ZML0A
DA:1064,1,aQM8Y1uQAGZnOkfPeKM9bA
DA:1076,1,6rBT1NP4C0sFptj9OqHbgw
DA:1078,1,vVFn8gfgbtBQpE/xRCzT7Q
DA:1079,1,2HczvnKCOy6FuxHoSCXJog
DA:1080,1,LGQmKctfDxkNMAV4NZNe/Q
DA:1082,1,znL8jw4esLAqqOa9f1Hl0w
DA:1085,1,IKMjX+r//nn0accZhUHV2w
DA:1086,1,9Q8qFw2A0/YcGO92RGY2CQ
DA:1088,1,mNgbwxZM39NEv/gbaXnKGQ
DA:1091,1,4AvRmUJu/lDXhktm+IpZAw
DA:1092,1,fqmPXvfWV9O9xIVcuxfGtA
DA:1097,1,pdJsdziXJJylcDTl90AvGw
DA:1098,1,+aBsTWI+vi006YPH8wFUiw
DA:1099,1,wn9wkS5TY3Oj5QBG8GPW3w
DA:1101,1,ZfwoYw/ELMxt1ucqvKGFEA
DA:1132,1,rVefH/pl9qwfoWW1kiEFqg
DA:1146,1,gSunHxsg0lGA24Drksj3IQ
DA:1147,1,j/wfDkDMMe3s4x1kqo+Hyg
DA:1148,1,DkOT+8/vYEZLLHAcIGe8Hw
DA:1149,1,hyS6yes0N+J9ZzStSUdm1A
DA:1150,1,iSEkBsj5OBrbLRsY6UXUTg
DA:1151,1,UcCi4/Z9XDdrlmiqYUzteg
DA:1154,1,ktkR3NCvNLFUAsf+fOmAig
DA:1156,1,4yDjZhy8d6Sa+pxB/JsdhA
DA:1170,1,gSunHxsg0lGA24Drksj3IQ
DA:1171,1,rZ38ihup93j0cUqpMQhbig
DA:1172,1,DkOT+8/vYEZLLHAcIGe8Hw
DA:1173,1,hyS6yes0N+J9ZzStSUdm1A
DA:1174,1,WN4cXYYD1KN9E/IKo6tx9g
DA:1175,1,UcCi4/Z9XDdrlmiqYUzteg
DA:1178,1,ktkR3NCvNLFUAsf+fOmAig
DA:1180,1,0Q2fPF83oSead1ZkZC9KRw
DA:1194,1,gSunHxsg0lGA24Drksj3IQ
DA:1195,1,KOMy304zl7YJwhom7cMNMg
DA:1196,1,DkOT+8/vYEZLLHAcIGe8Hw
DA:1197,1,hyS6yes0N+J9ZzStSUdm1A
DA:1198,1,JDisqZPrmV2sY8Jwz02tcw
DA:1199,1,UcCi4/Z9XDdrlmiqYUzteg
DA:1202,1,ktkR3NCvNLFUAsf+fOmAig
DA:1204,1,hn8PKpHN/xGkmKkapWPEXQ
DA:1233,1,ZpeFJxcFh9OBsrai0KVPTw
DA:1262,1,nkgp9W+74ZR5Z6sKCF1ojA
DA:1278,1,+KsE+z0zJUAn2ttJzcV7tQ
DA:1279,1,KF7HrqaK2absYuRiu6SeSw
DA:1281,1,ynZitfIhtWMkOv8GprdvWg
DA:1282,1,hyS6yes0N+J9ZzStSUdm1A
DA:1283,1,UcCi4/Z9XDdrlmiqYUzteg
DA:1286,1,PlvzdtsgA8oJTzl8JtlVEA
DA:1288,1,CMBbKG/f4ZXJVmAdISGTrw
DA:1302,1,+KsE+z0zJUAn2ttJzcV7tQ
DA:1303,1,zUFsVc2FqY82Bv+1iY6+iw
DA:1305,1,ynZitfIhtWMkOv8GprdvWg
DA:1306,1,hyS6yes0N+J9ZzStSUdm1A
DA:1307,1,rPc/IeXff1fgcivtglIUXw
DA:1308,1,lkum5MJEIsLokOMuK2QYcA
DA:1309,1,imIf85nqmauElGypwXCe0g
DA:1311,1,xsDRvJ8oktk5vMVDr30RrA
DA:1312,1,rKuNchubdeCRigWGyY/c8A
DA:1313,1,PlvzdtsgA8oJTzl8JtlVEA
DA:1315,1,uD3MHLKjBjjAE862k8g+xg
DA:1340,1,+KsE+z0zJUAn2ttJzcV7tQ
DA:1341,1,zUFsVc2FqY82Bv+1iY6+iw
DA:1343,1,ynZitfIhtWMkOv8GprdvWg
DA:1344,1,hyS6yes0N+J9ZzStSUdm1A
DA:1345,1,AuWEvA3fjMHkyhzGZpfc7g
DA:1346,1,7IiVT19s0/4JMgA24C8pqg
DA:1347,1,yjElI5VjOWgPsdaOezzk+A
DA:1349,1,6y9vgVohwv4Nr3iDNg493w
DA:1351,1,j4fvVWmj7HnD1a3JELJH3Q
DA:1352,1,PlvzdtsgA8oJTzl8JtlVEA
DA:1354,1,Sl6pcx2SigbXjf8fG/Q4zg
DA:1378,1,+KsE+z0zJUAn2ttJzcV7tQ
DA:1379,1,KF7HrqaK2absYuRiu6SeSw
DA:1380,1,dDKzpw6bAL6SzuouY9b+IQ
DA:1381,1,oUs2AtdmJ4GX0mfGQE3AVw
DA:1384,1,4gE+8NF9IpaluShqthNMRQ
DA:1388,1,hoSSR4B94CVwyg7kU+Momw
DA:1390,1,u3fPa06jqlEhWFikXmpHWQ
DA:1391,1,KdpyUn3gnn6nWCvyBnQZlw
DA:1392,1,WDqc2G6pEtTucr42X/LQxw
DA:1393,1,aVk4G0lk0QQMz2CVWlhgsQ
DA:1394,1,uD+lGO55Ba31BARz048Y8Q
DA:1395,1,/lRZgjJI+lIJIqXefgyfoQ
DA:1396,1,HXeeCKCgUAyWPfRvlSjQeQ
DA:1398,1,hyS6yes0N+J9ZzStSUdm1A
DA:1399,1,UcCi4/Z9XDdrlmiqYUzteg
DA:1404,1,PlvzdtsgA8oJTzl8JtlVEA
DA:1406,1,0wvzDDWn2XWfDvjQdMUq3g
DA:1411,1,jdIvxIIOL1K90k6ThJK3Sg
DA:1412,1,WTRHk8rvMcUcHaTE0noE/w
DA:1413,1,cPa3dAsIk+eSRfSpgwNsyg
DA:1415,1,HmADa1g/W1C2Vo9Wm4sNNA
DA:1416,1,7CP1DBRRz5argwJ7V/jJYw
DA:1426,1,97cUBDBop91Ob5+PJTLJGw
DA:1428,1,/8psIGmV7JSHSkyvHh30mQ
DA:1430,1,jXbtIy/A3lqxep6PT6GUMQ
DA:1431,1,QiFFglqVhhHOjGki4AFmQQ
DA:1432,1,eOpitwZOoqc+bELhyLwNzA
DA:1433,1,rNpR3ahOjxlr6HDBu4m+rA
DA:1434,1,MnzpXe1veqpfA7nIMRo0OA
DA:1436,1,kROD/wjBIcVLWHuJmp8zEg
DA:1437,1,SUNjLAaiy9FMfV7y8XwB7w
DA:1438,1,HDxKypAMUzQPqH+5RWiYjA
DA:1439,1,LyRYBTs0Ub+zqAZx1q+cHA
DA:1440,1,t9afdA1kQgWUmMun4nXTqw
DA:1441,1,tXBRAB0dPuaZBoJdbIwNxw
DA:1442,1,LyRYBTs0Ub+zqAZx1q+cHA
DA:1444,1,SHSSDYOQ6uaMmi48+dEcCw
DA:1452,1,2wyrQApTF6SaqM2gRjrs9A
DA:1454,1,e8Vwftl2WXh6RhA/wxTsDA
DA:1486,1,hyS6yes0N+J9ZzStSUdm1A
DA:1487,1,QKrW0gdZe8MxrqJ+yytW8A
DA:1488,1,UcCi4/Z9XDdrlmiqYUzteg
DA:1494,1,xnHVl4KA9Ig8LdWtgsGyfQ
DA:1517,1,hyS6yes0N+J9ZzStSUdm1A
DA:1518,1,PzwE0zc5Cv96H3sTnu63Yg
DA:1519,1,QKrW0gdZe8MxrqJ+yytW8A
DA:1520,1,UcCi4/Z9XDdrlmiqYUzteg
DA:1526,1,BO+cQ74EkpvEtXJ0bbHDEA
DA:1527,1,QiFFglqVhhHOjGki4AFmQQ
DA:1528,1,iD8BnbIavic/DP4cqqAoJQ
DA:1530,1,uRYVRTr3yFkUbbtkv4+yhA
DA:1532,1,5irrFJfhdkp73q/zviHxWQ
DA:1533,1,b27/+jNVwYmEYAwGlUfCzA
DA:1534,1,TPhI68HIHb7oNbZ9muW07g
DA:1537,1,thLkCs3WlbEvUEKkwLyavQ
DA:1539,1,PJmK1u/ss88A2Po2k1nVeQ
DA:1541,1,T2T0Yl8y/5KS3Ol7TU3viw
DA:1542,1,UcCi4/Z9XDdrlmiqYUzteg
DA:1547,1,IyGHvPyozeiuEmQPz+i1Tw
DA:1549,1,MWEkIgQxjPP2grTZlieE8w
DA:1551,1,hyS6yes0N+J9ZzStSUdm1A
DA:1552,1,SHSSDYOQ6uaMmi48+dEcCw
DA:1553,1,AF1NXCUeeF9u7oI23dQixw
DA:1554,1,YY4flU43Ot5jR7VsUIGxiw
DA:1555,1,QKrW0gdZe8MxrqJ+yytW8A
DA:1556,1,YKGDUea0ZCYzmLrv5vs0sA
DA:1557,1,6jzHHyXC+Ojm7kRW0dl3xA
DA:1558,1,LQ22+uYToEJIvw4JsjFz6g
DA:1559,1,UcCi4/Z9XDdrlmiqYUzteg
DA:1564,1,cPa3dAsIk+eSRfSpgwNsyg
DA:1566,1,xwrcGroCVu62iGoF60jHlA
DA:1567,1,xjcDBnSwra0OiNOAYAwoHA
DA:1568,1,EJQf4gGwm6NDUvbhSiHcWg
DA:1569,1,z1FY6hyPBCbZwMZY9KnRLg
DA:1570,1,QKkIBXeqwfs3tZJRwEXGRw
DA:1571,1,kycMaH6XbPuAfUpgfG1Lbg
DA:1573,1,7aoJJ3b2AtNxKCh5DAGshw
DA:1586,1,xjcDBnSwra0OiNOAYAwoHA
DA:1587,1,XwAcOekA6FPyyu8r6HzjNA
DA:1588,1,QKkIBXeqwfs3tZJRwEXGRw
DA:1589,1,ZhruFp8DatBWEUm2/xLgtg
DA:1591,1,n1X61pRzk37XeVNXVJf8nw
DA:1593,1,r8kJVM6vPo1uXP8Q6Z2Z1Q
DA:1595,1,Xf4xY07sgwV3wOLqXL2myQ
DA:1597,1,ym509ZvGpWR2aX2zw/YdEQ
DA:1598,1,Fa5JUP/vgtYUqJygqPE9kA
DA:1599,1,BoPGEs8WaP4U+SHdjc07Lg
DA:1600,1,CXvs3sJZdPLDpZoT3/+p9A
DA:1601,1,OLnym4HXxEYoUHnxWYqxYA
DA:1602,1,F3J8YVTadT/a+WyxjyExTw
DA:1605,1,W6wPRYOcwRggN9euSm0pfQ
DA:1606,1,ys6+VwFLJo3kPbwhFlB4mA
DA:1607,1,cPa3dAsIk+eSRfSpgwNsyg
DA:1609,1,j+CcxAIEiLeqjzkbiEHnZA
DA:1610,1,Z70unAEE/AAsb4KbdA5aeQ
DA:1612,1,leWPu3a92U46XgI3/MVg5A
DA:1613,1,vNxNTeMxQoGy/x0KpeEaXw
DA:1614,1,oQ5R8KKt4LD+5cX/jdPqHA
DA:1617,1,0tksQqHVOojm+x57qjFC+g
DA:1619,1,cX+qW5GgBD5QD/eYsjQhug
DA:110,0,PyPY0RM9e28byF/w7gzSoQ
DA:121,0,R6PMhYW+Xr+n1y74S8TdUA
DA:122,0,C9zTpkmoFdaQH/gJYI+how
DA:123,0,moLA98FML3YUH5X/OJVmtg
DA:124,0,G/f+4SXdc5ryMLamEDZC8w
DA:125,0,KuOoETOOraAJntM187Ln/g
DA:126,0,nmclOdp+Bkw2KZQzWPXhLQ
DA:137,0,HlD2pmQYoxqoc+oewDuuAA
DA:148,0,pPypbAy0xstzJfYFyHh8ww
DA:159,0,R6PMhYW+Xr+n1y74S8TdUA
DA:160,0,C9zTpkmoFdaQH/gJYI+how
DA:161,0,aD/aqEIlSACXqEjwI01QJg
DA:162,0,vzp4xGaiyihF9c2s4xiZow
DA:163,0,HomRb4PAUhOiTouMQP881g
DA:164,0,rJ51sXg/t1jHgg+eEsn+Mw
DA:175,0,zJu4aHbrn0/MgttUYCwkYQ
DA:186,0,EHI8n0ku7Dzks8BmcrPLlw
DA:205,0,kycMaH6XbPuAfUpgfG1Lbg
DA:207,0,kycMaH6XbPuAfUpgfG1Lbg
DA:232,0,kycMaH6XbPuAfUpgfG1Lbg
DA:283,0,UZxcfq1aG8basotnbtkjvA
DA:284,0,eBbiZkzT5m790rz9VVRlWw
DA:285,0,nqkIl2gtCaM9coDozcnUjg
DA:345,0,nuqDunbFF8gtvIT6dHAFCQ
DA:480,0,0RdCqqkQjmM4pBBsmBQwQw
DA:481,0,JLgDSYQXsJPMkwwpRHl62A
DA:548,0,3xEwcW/Ebnbk1CV2Gdb5qw
DA:549,0,jEvCoYYFaIrLY7Na46eo2w
DA:550,0,Kd+AymRubH3hEb+hqhqjUQ
DA:709,0,BRITgHRt9JndzhbwqFNmLQ
DA:711,0,2xeKMuA2E7CArx2Q3I2+xg
DA:948,0,XQmZqeg9zSAianNi6ZUyAg
DA:953,0,UgfKXLs3P4wRZKLl554MaA
DA:977,0,0HlMzfCsq9mz2hs1OVPDKw
DA:994,0,PiB+5GUBCJwbQB3WHTQYGw
DA:1024,0,Db8dR/Hh/5Sx0Ulb4Eno5w
DA:1083,0,tMt5qq2z6oR9CBWoRVufvw
DA:1089,0,2i/SCmOcTCZXf0H3lvZmjw
DA:1121,0,gSunHxsg0lGA24Drksj3IQ
DA:1122,0,ZM/8S6xsz/R50VR6Nb+ckQ
DA:1123,0,icDERmcquK6sTF0PpqMJhQ
DA:1125,0,4ltmIjcYXfGVudurQKXNrA
DA:1126,0,DkOT+8/vYEZLLHAcIGe8Hw
DA:1127,0,ktRv/aA+oEaM6ywdUVcIiA
DA:1128,0,1/FWirQmNJwBlUC76cszeg
DA:1129,0,gZ9JzKgE//5LiM/iM9j+rQ
DA:1130,0,ktkR3NCvNLFUAsf+fOmAig
DA:1225,0,asNK3R7uNEHcDoyFGudI4g
DA:1226,0,YvLW8fn/3Cht+S3dVgH/ig
DA:1227,0,RybAe+3m3pKtzGstZcfnyQ
DA:1228,0,15uKSvEVadZtkqXRJBZ3pg
DA:1229,0,lCAjejUCAeKnF9abg4kmEQ
DA:1230,0,gS2YFh06s8Ntf9e9syhQnA
DA:1231,0,qcYJx1S3ZzyXKW+rGSUyvg
DA:1254,0,asNK3R7uNEHcDoyFGudI4g
DA:1255,0,6IyXhENrKyaqaBGlkiMI8Q
DA:1256,0,RybAe+3m3pKtzGstZcfnyQ
DA:1257,0,8ZhOfvlLVpuKKvosBEnHtA
DA:1258,0,lCAjejUCAeKnF9abg4kmEQ
DA:1259,0,Tx6Lc7t+LMfdr56utdtJZw
DA:1260,0,khg9CxQ5Mn35MAe1ok2jRw
DA:1382,0,zTftOaLPI1bpqOMIDj4xew
DA:1383,0,PF0v8WhqQyjg0ge0qCZf2A
DA:1385,0,zTftOaLPI1bpqOMIDj4xew
DA:1386,0,ADfX2qjPvXBwey+UcR66yQ
DA:1424,0,McvDwBQjPPi15dx4uLkPOA
DA:1445,0,AF1NXCUeeF9u7oI23dQixw
DA:1446,0,YY4flU43Ot5jR7VsUIGxiw
DA:1447,0,SUNjLAaiy9FMfV7y8XwB7w
DA:1448,0,FjSr3poYLv57QxDK67Pzqw
DA:1449,0,LyRYBTs0Ub+zqAZx1q+cHA
DA:1450,0,qqH6I3TpWB/YXhpE7CeoFg
DA:1451,0,MnzpXe1veqpfA7nIMRo0OA
DA:1615,0,iI0tnH4if8zIbiY3j+yptQ
LF:538
LH:464
end_of_record
